<?xml version="1.0" encoding="UTF-8"?>
<!-- Generated by org.testng.reporters.JUnitXMLReporter -->
<testsuite hostname="DESKTOP-A4JAS9F" ignored="0" name="New User: ADD Enterprise Role Request-Basic" tests="2" failures="0" timestamp="25 Oct 2018 06:35:33 GMT" time="320.088" errors="0">
  <testcase name="TC1" time="225.029" classname="com.bp.saviynt.ADD_Enterprise_Role_Request_Basic_Test"/>
  <testcase name="JobTrigger" time="33.377" classname="com.bp.saviynt.ADD_Enterprise_Role_Request_Basic_Test"/>
</testsuite> <!-- New User: ADD Enterprise Role Request-Basic -->
