<?xml version="1.0" encoding="UTF-8"?>
<!-- Generated by org.testng.reporters.JUnitXMLReporter -->
<testsuite hostname="DESKTOP-HBAN9NH" ignored="0" name="Default test" tests="3" failures="0" timestamp="01 Apr 2019 06:30:46 GMT" time="191.077" errors="0">
  <testcase name="createRequestAndEndpointApprove" time="66.394" classname="com.bp.saviynt.Existing_User_Remove_Salesforce_Application_Access"/>
  <testcase name="scheduleJob" time="54.869" classname="com.bp.saviynt.Existing_User_Remove_Salesforce_Application_Access"/>
  <testcase name="validateEntitlements" time="28.608" classname="com.bp.saviynt.Existing_User_Remove_Salesforce_Application_Access"/>
</testsuite> <!-- Default test -->
