<?xml version="1.0" encoding="UTF-8"?>
<!-- Generated by org.testng.reporters.JUnitXMLReporter -->
<testsuite hostname="DESKTOP-HBAN9NH" ignored="0" name="Default test" tests="3" failures="0" timestamp="27 Mar 2019 09:28:10 GMT" time="734.971" errors="0">
  <testcase name="TC1" time="401.042" classname="com.bp.saviynt.ADD_Enterprise_Role_Request_Basic_Test"/>
  <testcase name="JobTrigger" time="75.84" classname="com.bp.saviynt.ADD_Enterprise_Role_Request_Basic_Test"/>
  <testcase name="validateEndpoints" time="113.498" classname="com.bp.saviynt.ADD_Enterprise_Role_Request_Basic_Test"/>
</testsuite> <!-- Default test -->
