<?xml version="1.0" encoding="UTF-8"?>
<!-- Generated by org.testng.reporters.JUnitXMLReporter -->
<testsuite hostname="DESKTOP-HBAN9NH" ignored="0" name="Default test" tests="3" failures="0" timestamp="2019-11-18T14:44:42 IST" time="430.857" errors="0">
  <testcase name="checkUserStatusAndUpdateTest" time="124.886" classname="com.bp.saviynt.BP1LicenseManagement_NegativeTests"/>
  <testcase name="changeEmployeeStatusAndUpdateUserTest" time="139.278" classname="com.bp.saviynt.BP1LicenseManagement_NegativeTests"/>
  <testcase name="changeUserStatusAndCheckTaskCreationTest" time="124.689" classname="com.bp.saviynt.BP1LicenseManagement_NegativeTests"/>
</testsuite> <!-- Default test -->
