<?xml version="1.0" encoding="UTF-8"?>
<!-- Generated by org.testng.reporters.JUnitXMLReporter -->
<testsuite hostname="DESKTOP-HBAN9NH" ignored="0" name="Add enterprise role - r6" tests="4" failures="0" timestamp="18 Mar 2019 05:09:43 GMT" time="277.676" errors="0">
  <testcase name="createEndUser" time="77.388" classname="com.bp.saviynt.Add_Enterprise_Role_R6"/>
  <testcase name="createRequestAndRoleApproval" time="77.889" classname="com.bp.saviynt.Add_Enterprise_Role_R6"/>
  <testcase name="scheduleJob" time="37.369" classname="com.bp.saviynt.Add_Enterprise_Role_R6"/>
  <testcase name="validateEntitlements" time="22.095" classname="com.bp.saviynt.Add_Enterprise_Role_R6"/>
</testsuite> <!-- Add enterprise role - r6 -->
