<?xml version="1.0" encoding="UTF-8"?>
<!-- Generated by org.testng.reporters.JUnitXMLReporter -->
<testsuite hostname="DESKTOP-HBAN9NH" ignored="0" name="Add enterprise role - r7" tests="3" failures="0" timestamp="18 Mar 2019 05:12:32 GMT" time="167.671" errors="0">
  <testcase name="createRequestAndRoleApproval" time="68.877" classname="com.bp.saviynt.Add_Enterprise_Role_R7"/>
  <testcase name="scheduleJob" time="32.645" classname="com.bp.saviynt.Add_Enterprise_Role_R7"/>
  <testcase name="validateEntitlements" time="21.37" classname="com.bp.saviynt.Add_Enterprise_Role_R7"/>
</testsuite> <!-- Add enterprise role - r7 -->
