<?xml version="1.0" encoding="UTF-8"?>
<!-- Generated by org.testng.reporters.JUnitXMLReporter -->
<testsuite hostname="DESKTOP-HBAN9NH" ignored="0" name="Add enterprise role - r7" tests="3" failures="0" timestamp="02 May 2019 06:26:43 GMT" time="236.999" errors="0">
  <testcase name="createRequestAndRoleApproval" time="106.34" classname="com.bp.saviynt.Add_Enterprise_Role_R7"/>
  <testcase name="scheduleJob" time="34.75" classname="com.bp.saviynt.Add_Enterprise_Role_R7"/>
  <testcase name="validateEntitlements" time="43.755" classname="com.bp.saviynt.Add_Enterprise_Role_R7"/>
</testsuite> <!-- Add enterprise role - r7 -->
