<?xml version="1.0" encoding="UTF-8"?>
<!-- Generated by org.testng.reporters.JUnitXMLReporter -->
<testsuite hostname="DESKTOP-HBAN9NH" ignored="0" name="Existing_User_Modify_Account" tests="3" failures="1" timestamp="27 Aug 2019 06:44:58 GMT" time="205.81" errors="0">
  <testcase name="createRequestAndEndpointApprove" time="111.642" classname="com.bp.saviynt.Existing_User_Modify_Account"/>
  <testcase name="scheduleJob" time="22.581" classname="com.bp.saviynt.Existing_User_Modify_Account"/>
  <testcase name="validateEntitlements" time="27.532" classname="com.bp.saviynt.Existing_User_Modify_Account">
    <failure type="java.lang.AssertionError" message="All Entitlement values were not present expected [true] but found [false]">
      <![CDATA[java.lang.AssertionError: All Entitlement values were not present expected [true] but found [false]
at com.bp.saviynt.Existing_User_Modify_Account.validateEntitlements(Existing_User_Modify_Account.java:131)
... Removed 28 stack frames]]>
    </failure>
  </testcase> <!-- validateEntitlements -->
</testsuite> <!-- Existing_User_Modify_Account -->
