<?xml version="1.0" encoding="UTF-8"?>
<!-- Generated by org.testng.reporters.JUnitXMLReporter -->
<testsuite hostname="DESKTOP-HBAN9NH" ignored="0" name="Existing_User_Remove_Salesforce_Application_Access" tests="3" failures="0" timestamp="21 Jan 2019 06:32:31 GMT" time="260.027" errors="0">
  <testcase name="createRequestAndEndpointApprove" time="62.422" classname="com.bp.saviynt.Existing_User_Remove_Salesforce_Application_Access"/>
  <testcase name="scheduleJob" time="76.75" classname="com.bp.saviynt.Existing_User_Remove_Salesforce_Application_Access"/>
  <testcase name="validateEntitlements" time="27.498" classname="com.bp.saviynt.Existing_User_Remove_Salesforce_Application_Access"/>
</testsuite> <!-- Existing_User_Remove_Salesforce_Application_Access -->
