<?xml version="1.0" encoding="UTF-8"?>
<!-- Generated by org.testng.reporters.JUnitXMLReporter -->
<testsuite hostname="DESKTOP-HBAN9NH" ignored="0" name="Existing_User_Modify_Account" tests="3" failures="0" timestamp="21 Jan 2019 06:28:10 GMT" time="247.376" errors="0">
  <testcase name="createRequestAndEndpointApprove" time="128.682" classname="com.bp.saviynt.Existing_User_Modify_Account"/>
  <testcase name="scheduleJob" time="50.303" classname="com.bp.saviynt.Existing_User_Modify_Account"/>
  <testcase name="validateEntitlements" time="23.666" classname="com.bp.saviynt.Existing_User_Modify_Account"/>
</testsuite> <!-- Existing_User_Modify_Account -->
