<?xml version="1.0" encoding="UTF-8"?>
<!-- Generated by org.testng.reporters.JUnitXMLReporter -->
<testsuite hostname="DESKTOP-HBAN9NH" ignored="0" name="Existing_User_Remove_Salesforce_Application_Access" tests="3" failures="0" timestamp="14 Feb 2019 05:52:10 GMT" time="143.965" errors="0">
  <testcase name="createRequestAndEndpointApprove" time="37.697" classname="com.bp.saviynt.Existing_User_Remove_Salesforce_Application_Access"/>
  <testcase name="scheduleJob" time="40.41" classname="com.bp.saviynt.Existing_User_Remove_Salesforce_Application_Access"/>
  <testcase name="validateEntitlements" time="23.141" classname="com.bp.saviynt.Existing_User_Remove_Salesforce_Application_Access"/>
</testsuite> <!-- Existing_User_Remove_Salesforce_Application_Access -->
