<?xml version="1.0" encoding="UTF-8"?>
<!-- Generated by org.testng.reporters.JUnitXMLReporter -->
<testsuite hostname="DESKTOP-HBAN9NH" ignored="0" name="Existing_User_Remove_Salesforce_Application_Access" tests="3" failures="0" timestamp="02 Apr 2019 10:10:40 GMT" time="262.724" errors="0">
  <testcase name="createRequestAndEndpointApprove" time="34.356" classname="com.bp.saviynt.Existing_User_Remove_Salesforce_Application_Access"/>
  <testcase name="scheduleJob" time="70.998" classname="com.bp.saviynt.Existing_User_Remove_Salesforce_Application_Access"/>
  <testcase name="validateEntitlements" time="66.716" classname="com.bp.saviynt.Existing_User_Remove_Salesforce_Application_Access"/>
</testsuite> <!-- Existing_User_Remove_Salesforce_Application_Access -->
