<?xml version="1.0" encoding="UTF-8"?>
<!-- Generated by org.testng.reporters.JUnitXMLReporter -->
<testsuite hostname="DESKTOP-A4JAS9F" ignored="0" name="New User: ADD_Enterprise_Role_Request_Escalation_And_Rejection" tests="1" failures="0" timestamp="22 Oct 2018 06:22:03 GMT" time="458.78" errors="0">
  <testcase name="UpdatedTC2" time="343.48" classname="com.bp.saviynt.ADD_Enterprise_Role_Request_Escalation_And_Rejection"/>
</testsuite> <!-- New User: ADD_Enterprise_Role_Request_Escalation_And_Rejection -->
