<?xml version="1.0" encoding="UTF-8"?>
<!-- Generated by org.testng.reporters.JUnitXMLReporter -->
<testsuite hostname="DESKTOP-A4JAS9F" ignored="0" name="New User: ADD Enterprise Role Request-Basic" tests="1" failures="1" timestamp="22 Oct 2018 06:31:19 GMT" time="433.132" errors="0">
  <testcase name="TC1" time="259.931" classname="com.bp.saviynt.ADD_Enterprise_Role_Request_Basic_Test">
    <failure type="java.lang.AssertionError" message="All end points were not present expected [true] but found [false]">
      <![CDATA[java.lang.AssertionError: All end points were not present expected [true] but found [false]
at com.bp.saviynt.ADD_Enterprise_Role_Request_Basic_Test.TC1(ADD_Enterprise_Role_Request_Basic_Test.java:143)
... Removed 28 stack frames]]>
    </failure>
  </testcase> <!-- TC1 -->
</testsuite> <!-- New User: ADD Enterprise Role Request-Basic -->
