<?xml version="1.0" encoding="UTF-8"?>
<!-- Generated by org.testng.reporters.JUnitXMLReporter -->
<testsuite hostname="DESKTOP-HBAN9NH" ignored="0" name="New User: ADD_Enterprise_Role_Request_Escalation_And_Rejection" tests="3" failures="0" timestamp="01 Mar 2019 06:43:26 GMT" time="341.562" errors="0">
  <testcase name="TC2" time="243.242" classname="com.bp.saviynt.ADD_Enterprise_Role_Request_Escalation_And_Rejection"/>
  <testcase name="scheduleJob" time="28.364" classname="com.bp.saviynt.ADD_Enterprise_Role_Request_Escalation_And_Rejection"/>
  <testcase name="validateEndPoints" time="24.06" classname="com.bp.saviynt.ADD_Enterprise_Role_Request_Escalation_And_Rejection"/>
</testsuite> <!-- New User: ADD_Enterprise_Role_Request_Escalation_And_Rejection -->
