<?xml version="1.0" encoding="UTF-8"?>
<!-- Generated by org.testng.reporters.JUnitXMLReporter -->
<testsuite hostname="DESKTOP-HBAN9NH" ignored="0" name="NewUser_Add_Group_Permission_Profile" tests="4" failures="1" timestamp="27 Aug 2019 06:41:32 GMT" time="232.756" errors="0">
  <testcase name="createEndUser" time="59.345" classname="com.bp.saviynt.NewUser_Add_Group_Permission_Profile"/>
  <testcase name="createRequest" time="94.512" classname="com.bp.saviynt.NewUser_Add_Group_Permission_Profile"/>
  <testcase name="scheduleJob" time="0.001" classname="com.bp.saviynt.NewUser_Add_Group_Permission_Profile">
    <failure type="java.lang.Error" message="Unresolved compilation problem: 
	The method openUtilityandProvisioningJob(String) in the type AdminPage is not applicable for the arguments ()
">
      <![CDATA[java.lang.Error: Unresolved compilation problem: 
The method openUtilityandProvisioningJob(String) in the type AdminPage is not applicable for the arguments ()

at com.bp.saviynt.NewUser_Add_Group_Permission_Profile.scheduleJob(NewUser_Add_Group_Permission_Profile.java:128)
... Removed 25 stack frames]]>
    </failure>
  </testcase> <!-- scheduleJob -->
  <testcase name="validateEntitlements" time="29.861" classname="com.bp.saviynt.NewUser_Add_Group_Permission_Profile"/>
</testsuite> <!-- NewUser_Add_Group_Permission_Profile -->
