<?xml version="1.0" encoding="UTF-8"?>
<!-- Generated by org.testng.reporters.JUnitXMLReporter -->
<testsuite hostname="DESKTOP-HBAN9NH" ignored="0" name="NewUser_Add_Group_Permission_Profile" tests="4" failures="1" timestamp="21 Mar 2019 07:19:35 GMT" time="62.294" errors="0">
  <testcase name="@AfterMethod CloseApplication" time="0.912" classname="com.bp.testbase.TestBase">
    <failure type="java.lang.NullPointerException">
      <![CDATA[java.lang.NullPointerException
at com.bp.testbase.TestBase.CloseApplication(TestBase.java:94)
... Removed 28 stack frames]]>
    </failure>
  </testcase> <!-- @AfterMethod CloseApplication -->
  <testcase name="@BeforeMethod openApplication" time="0.0" classname="com.bp.testbase.TestBase">
    <skipped/>
  </testcase> <!-- @BeforeMethod openApplication -->
  <testcase name="@AfterMethod CloseApplication" time="0.0" classname="com.bp.testbase.TestBase">
    <skipped/>
  </testcase> <!-- @AfterMethod CloseApplication -->
  <testcase name="@BeforeMethod openApplication" time="0.0" classname="com.bp.testbase.TestBase">
    <skipped/>
  </testcase> <!-- @BeforeMethod openApplication -->
  <testcase name="@AfterMethod CloseApplication" time="0.0" classname="com.bp.testbase.TestBase">
    <skipped/>
  </testcase> <!-- @AfterMethod CloseApplication -->
  <testcase name="@BeforeMethod openApplication" time="0.0" classname="com.bp.testbase.TestBase">
    <skipped/>
  </testcase> <!-- @BeforeMethod openApplication -->
  <testcase name="@AfterMethod CloseApplication" time="0.0" classname="com.bp.testbase.TestBase">
    <skipped/>
  </testcase> <!-- @AfterMethod CloseApplication -->
  <testcase name="createEndUser" time="47.155" classname="com.bp.saviynt.NewUser_Add_Group_Permission_Profile">
    <failure type="org.openqa.selenium.TimeoutException" message="Expected condition failed: waiting for visibility of element located by By.xpath: //td[contains(text(),&amp;apos;RGTSM91&amp;apos;)] (tried for 30 second(s) with 500 milliseconds interval)">
      <![CDATA[org.openqa.selenium.TimeoutException: Expected condition failed: waiting for visibility of element located by By.xpath: //td[contains(text(),'RGTSM91')] (tried for 30 second(s) with 500 milliseconds interval)
at org.openqa.selenium.support.ui.WebDriverWait.timeoutException(WebDriverWait.java:113)
at org.openqa.selenium.support.ui.FluentWait.until(FluentWait.java:283)
at com.bp.saviynt.AdminPage.clickOnUsersAndCreateUsers(AdminPage.java:251)
at com.bp.saviynt.NewUser_Add_Group_Permission_Profile.createEndUser(NewUser_Add_Group_Permission_Profile.java:45)
Caused by: org.openqa.selenium.NoSuchElementException: Cannot locate an element using By.xpath: //td[contains(text(),'RGTSM91')]
For documentation on this error, please visit: http://seleniumhq.org/exceptions/no_such_element.html
Build info: version: '3.14.0', revision: 'aacccce0', time: '2018-08-02T20:19:58.91Z'
System info: host: 'DESKTOP-HBAN9NH', ip: '9.204.99.238', os.name: 'Windows 10', os.arch: 'amd64', os.version: '10.0', java.version: '1.8.0_191'
Driver info: driver.version: unknown
at org.openqa.selenium.support.ui.ExpectedConditions.lambda$findElement$0(ExpectedConditions.java:896)
at java.util.Optional.orElseThrow(Optional.java:290)
at org.openqa.selenium.support.ui.ExpectedConditions.findElement(ExpectedConditions.java:895)
at org.openqa.selenium.support.ui.ExpectedConditions.access$000(ExpectedConditions.java:44)
at org.openqa.selenium.support.ui.ExpectedConditions$7.apply(ExpectedConditions.java:206)
at org.openqa.selenium.support.ui.ExpectedConditions$7.apply(ExpectedConditions.java:202)
at org.openqa.selenium.support.ui.FluentWait.until(FluentWait.java:260)
... 27 more
... Removed 25 stack frames]]>
    </failure>
  </testcase> <!-- createEndUser -->
  <testcase name="createRequestAndEndpointApprove" time="0.0" classname="com.bp.saviynt.NewUser_Add_Group_Permission_Profile">
    <skipped/>
  </testcase> <!-- createRequestAndEndpointApprove -->
  <testcase name="scheduleJob" time="0.0" classname="com.bp.saviynt.NewUser_Add_Group_Permission_Profile">
    <skipped/>
  </testcase> <!-- scheduleJob -->
  <testcase name="validateEntitlements" time="0.0" classname="com.bp.saviynt.NewUser_Add_Group_Permission_Profile">
    <skipped/>
  </testcase> <!-- validateEntitlements -->
</testsuite> <!-- NewUser_Add_Group_Permission_Profile -->
