<?xml version="1.0" encoding="UTF-8"?>
<!-- Generated by org.testng.reporters.JUnitXMLReporter -->
<testsuite hostname="DESKTOP-HBAN9NH" ignored="0" name="Remove enterprise role - r6 and r7" tests="3" failures="0" timestamp="02 May 2019 06:29:18 GMT" time="153.612" errors="0">
  <testcase name="RemoveRoleR6andR7" time="28.856" classname="com.bp.saviynt.Remove_Enterprise_Role_R6andR7"/>
  <testcase name="scheduleJob" time="55.107" classname="com.bp.saviynt.Remove_Enterprise_Role_R6andR7"/>
  <testcase name="validateEntitlements" time="22.082" classname="com.bp.saviynt.Remove_Enterprise_Role_R6andR7"/>
</testsuite> <!-- Remove enterprise role - r6 and r7 -->
