<?xml version="1.0" encoding="UTF-8"?>
<!-- Generated by org.testng.reporters.JUnitXMLReporter -->
<testsuite hostname="DESKTOP-HBAN9NH" ignored="0" name="Remove enterprise role - r6 and r7" tests="3" failures="0" timestamp="27 Aug 2019 09:32:55 GMT" time="109.859" errors="0">
  <testcase name="RemoveRoleR6andR7" time="32.922" classname="com.bp.saviynt.Remove_Enterprise_Role_R6andR7"/>
  <testcase name="scheduleJob" time="20.412" classname="com.bp.saviynt.Remove_Enterprise_Role_R6andR7"/>
  <testcase name="validateEntitlements" time="19.38" classname="com.bp.saviynt.Remove_Enterprise_Role_R6andR7"/>
</testsuite> <!-- Remove enterprise role - r6 and r7 -->
