<?xml version="1.0" encoding="UTF-8"?>
<!-- Generated by org.testng.reporters.JUnitXMLReporter -->
<testsuite hostname="DESKTOP-HBAN9NH" ignored="0" name="Request for application specific role" tests="2" failures="0" timestamp="21 Jun 2019 05:29:37 GMT" time="126.705" errors="0">
  <testcase name="RequestApplicatonSpecificRoles" time="65.405" classname="com.bp.saviynt.RequestApplicationSpecificRoleTest"/>
  <testcase name="viewRequestHistoryTest" time="37.263" classname="com.bp.saviynt.RequestApplicationSpecificRoleTest"/>
</testsuite> <!-- Request for application specific role -->
