<?xml version="1.0" encoding="UTF-8"?>
<!-- Generated by org.testng.reporters.JUnitXMLReporter -->
<testsuite hostname="DESKTOP-HBAN9NH" ignored="0" name="Request for application specific role" tests="2" failures="0" timestamp="20 Jun 2019 11:13:54 GMT" time="341.321" errors="0">
  <testcase name="RequestApplicatonSpecificRoles" time="68.318" classname="com.bp.saviynt.RequestApplicationSpecificRoleTest"/>
  <testcase name="viewRequestHistoryTest" time="161.161" classname="com.bp.saviynt.RequestApplicationSpecificRoleTest"/>
</testsuite> <!-- Request for application specific role -->
