<?xml version="1.0" encoding="UTF-8"?>
<!-- Generated by org.testng.reporters.JUnitXMLReporter -->
<testsuite hostname="DESKTOP-HBAN9NH" ignored="0" name="Request for enterprise role" tests="2" failures="0" timestamp="20 Jun 2019 11:08:11 GMT" time="141.676" errors="0">
  <testcase name="enterpriseRoleRequestTest" time="71.793" classname="com.bp.saviynt.RequestEnterpriseRoleTest"/>
  <testcase name="viewRequestHistoryTest" time="41.406" classname="com.bp.saviynt.RequestEnterpriseRoleTest"/>
</testsuite> <!-- Request for enterprise role -->
