<?xml version="1.0" encoding="UTF-8"?>
<!-- Generated by org.testng.reporters.JUnitXMLReporter -->
<testsuite hostname="DESKTOP-HBAN9NH" ignored="0" name="Request for enterprise role" tests="2" failures="0" timestamp="21 Jun 2019 05:27:29 GMT" time="145.349" errors="0">
  <testcase name="enterpriseRoleRequestTest" time="74.031" classname="com.bp.saviynt.RequestEnterpriseRoleTest"/>
  <testcase name="viewRequestHistoryTest" time="38.606" classname="com.bp.saviynt.RequestEnterpriseRoleTest"/>
</testsuite> <!-- Request for enterprise role -->
