<?xml version="1.0" encoding="UTF-8"?>
<!-- Generated by org.testng.reporters.JUnitXMLReporter -->
<testsuite hostname="DESKTOP-HBAN9NH" ignored="0" name="Test to request for application specific roleby end user" tests="2" failures="0" timestamp="05 Aug 2019 09:26:56 GMT" time="150.691" errors="0">
  <testcase name="RequestApplicatonSpecificRoles" time="71.802" classname="com.bp.saviynt.RequestApplicationSpecificRoleTest"/>
  <testcase name="viewRequestHistoryTest" time="47.432" classname="com.bp.saviynt.RequestApplicationSpecificRoleTest"/>
</testsuite> <!-- Test to request for application specific roleby end user -->
