<?xml version="1.0" encoding="UTF-8"?>
<!-- Generated by org.testng.reporters.JUnitXMLReporter -->
<testsuite hostname="DESKTOP-HBAN9NH" ignored="0" name="Test to Request for enterprise roleby end user" tests="2" failures="0" timestamp="05 Aug 2019 09:24:24 GMT" time="151.049" errors="0">
  <testcase name="enterpriseRoleRequestTest" time="76.821" classname="com.bp.saviynt.RequestEnterpriseRoleTest"/>
  <testcase name="viewRequestHistoryTest" time="48.898" classname="com.bp.saviynt.RequestEnterpriseRoleTest"/>
</testsuite> <!-- Test to Request for enterprise roleby end user -->
