<?xml version="1.0" encoding="UTF-8"?>
<!-- Generated by org.testng.reporters.JUnitXMLReporter -->
<testsuite hostname="DESKTOP-HBAN9NH" ignored="0" name="Test to request for application specific role by UMT user" tests="2" failures="0" timestamp="05 Aug 2019 09:38:22 GMT" time="206.805" errors="0">
  <testcase name="requestApplicationSpecificRole" time="100.261" classname="com.bp.saviynt.UMT_RequestApplicationSpecificRoleTest"/>
  <testcase name="viewRequestHistoryTest" time="75.69" classname="com.bp.saviynt.UMT_RequestApplicationSpecificRoleTest"/>
</testsuite> <!-- Test to request for application specific role by UMT user -->
