<?xml version="1.0" encoding="UTF-8"?>
<!-- Generated by org.testng.reporters.JUnitXMLReporter -->
<testsuite hostname="DESKTOP-HBAN9NH" ignored="0" name="Test to Request for enterprise roleby UMT user" tests="3" failures="0" timestamp="05 Aug 2019 09:34:54 GMT" time="315.915" errors="0">
  <testcase name="createEndUser" time="95.856" classname="com.bp.saviynt.UMT_RequestEnterpriseRoleTest"/>
  <testcase name="requestEnterpriseRole" time="93.269" classname="com.bp.saviynt.UMT_RequestEnterpriseRoleTest"/>
  <testcase name="viewRequestHistoryTest" time="78.618" classname="com.bp.saviynt.UMT_RequestEnterpriseRoleTest"/>
</testsuite> <!-- Test to Request for enterprise roleby UMT user -->
