<?xml version="1.0" encoding="UTF-8"?>
<!-- Generated by org.testng.reporters.JUnitXMLReporter -->
<testsuite hostname="DESKTOP-HBAN9NH" ignored="0" name="Test to validate welcome message for new user and also the elements in home page" tests="2" failures="0" timestamp="05 Aug 2019 09:21:52 GMT" time="181.577" errors="0">
  <testcase name="createEndUser" time="116.018" classname="com.bp.saviynt.WelcomeMessageAndHomePageValidation"/>
  <testcase name="verifyWelcomeMessage" time="31.889" classname="com.bp.saviynt.WelcomeMessageAndHomePageValidation"/>
</testsuite> <!-- Test to validate welcome message for new user and also the elements in home page -->
