<?xml version="1.0" encoding="UTF-8"?>
<!-- Generated by org.testng.reporters.JUnitXMLReporter -->
<testsuite hostname="DESKTOP-HBAN9NH" ignored="0" name="Test to validate welcome message for UMT user and also the elements in home page" tests="1" failures="0" timestamp="05 Aug 2019 09:29:37 GMT" time="45.211" errors="0">
  <testcase name="verifyWelcomeMessage" time="29.378" classname="com.bp.saviynt.UMT_WelcomeMessageAndHomePageValidation"/>
</testsuite> <!-- Test to validate welcome message for UMT user and also the elements in home page -->
