<?xml version="1.0" encoding="UTF-8"?>
<!-- Generated by org.testng.reporters.JUnitXMLReporter -->
<testsuite hostname="DESKTOP-HBAN9NH" ignored="0" name="Test to request for application specific role" tests="2" failures="0" timestamp="05 Aug 2019 07:38:09 GMT" time="289.865" errors="0">
  <testcase name="requestApplicationSpecificRole" time="158.252" classname="com.bp.saviynt.UMT_RequestApplicationSpecificRoleTest"/>
  <testcase name="viewRequestHistoryTest" time="97.426" classname="com.bp.saviynt.UMT_RequestApplicationSpecificRoleTest"/>
</testsuite> <!-- Test to request for application specific role -->
