<?xml version="1.0" encoding="UTF-8"?>
<!-- Generated by org.testng.reporters.JUnitXMLReporter -->
<testsuite hostname="DESKTOP-HBAN9NH" ignored="0" name="Verify Home page and welcome message for the end user" tests="2" failures="0" timestamp="20 Jun 2019 11:05:48 GMT" time="135.797" errors="0">
  <testcase name="createEndUser" time="68.838" classname="com.bp.saviynt.WelcomeMessageAndHomePageTest"/>
  <testcase name="verifyWelcomeMessage" time="34.604" classname="com.bp.saviynt.WelcomeMessageAndHomePageTest"/>
</testsuite> <!-- Verify Home page and welcome message for the end user -->
