<?xml version="1.0" encoding="UTF-8"?>
<!-- Generated by org.testng.reporters.JUnitXMLReporter -->
<testsuite hostname="DESKTOP-HBAN9NH" ignored="0" name="Verify Home page and welcome message for the end user" tests="2" failures="0" timestamp="21 Jun 2019 05:25:03 GMT" time="132.525" errors="0">
  <testcase name="createEndUser" time="80.894" classname="com.bp.saviynt.WelcomeMessageAndHomePageTest"/>
  <testcase name="verifyWelcomeMessage" time="24.558" classname="com.bp.saviynt.WelcomeMessageAndHomePageTest"/>
</testsuite> <!-- Verify Home page and welcome message for the end user -->
