<?xml version="1.0" encoding="UTF-8"?>
<testng-results skipped="0" failed="1" ignored="0" total="3" passed="2">
  <reporter-output>
  </reporter-output>
  <suite name="Default suite" duration-ms="398308" started-at="2019-10-18T13:13:16 IST" finished-at="2019-10-18T13:19:54 IST">
    <groups>
    </groups>
    <test name="Default test" duration-ms="398308" started-at="2019-10-18T13:13:16 IST" finished-at="2019-10-18T13:19:54 IST">
      <class name="com.bp.saviynt.UpdateDLTest">
        <test-method status="PASS" signature="openApplication()[pri:0, instance:com.bp.saviynt.UpdateDLTest@3e57cd70]" name="openApplication" is-config="true" duration-ms="12832" started-at="2019-10-18T13:13:16 IST" finished-at="2019-10-18T13:13:29 IST">
          <reporter-output>
          </reporter-output>
        </test-method> <!-- openApplication -->
        <test-method status="PASS" signature="adminLoginAndImportUserTest()[pri:1, instance:com.bp.saviynt.UpdateDLTest@3e57cd70]" name="adminLoginAndImportUserTest" duration-ms="22344" started-at="2019-10-18T13:13:29 IST" finished-at="2019-10-18T13:13:51 IST">
          <reporter-output>
          </reporter-output>
        </test-method> <!-- adminLoginAndImportUserTest -->
        <test-method status="PASS" signature="CloseApplication(org.testng.ITestResult)[pri:0, instance:com.bp.saviynt.UpdateDLTest@3e57cd70]" name="CloseApplication" is-config="true" duration-ms="389" started-at="2019-10-18T13:13:51 IST" finished-at="2019-10-18T13:13:51 IST">
          <params>
            <param index="0">
              <value>
                <![CDATA[[TestResult name=adminLoginAndImportUserTest status=SUCCESS method=UpdateDLTest.adminLoginAndImportUserTest()[pri:1, instance:com.bp.saviynt.UpdateDLTest@3e57cd70] output={null}]]]>
              </value>
            </param>
          </params>
          <reporter-output>
          </reporter-output>
        </test-method> <!-- CloseApplication -->
        <test-method status="PASS" signature="openApplication()[pri:0, instance:com.bp.saviynt.UpdateDLTest@3e57cd70]" name="openApplication" is-config="true" duration-ms="10152" started-at="2019-10-18T13:13:51 IST" finished-at="2019-10-18T13:14:02 IST">
          <reporter-output>
          </reporter-output>
        </test-method> <!-- openApplication -->
        <test-method status="PASS" signature="runJobToImportUser()[pri:2, instance:com.bp.saviynt.UpdateDLTest@3e57cd70]" name="runJobToImportUser" duration-ms="31670" started-at="2019-10-18T13:14:02 IST" finished-at="2019-10-18T13:14:33 IST">
          <reporter-output>
          </reporter-output>
        </test-method> <!-- runJobToImportUser -->
        <test-method status="PASS" signature="CloseApplication(org.testng.ITestResult)[pri:0, instance:com.bp.saviynt.UpdateDLTest@3e57cd70]" name="CloseApplication" is-config="true" duration-ms="167" started-at="2019-10-18T13:14:33 IST" finished-at="2019-10-18T13:14:33 IST">
          <params>
            <param index="0">
              <value>
                <![CDATA[[TestResult name=runJobToImportUser status=SUCCESS method=UpdateDLTest.runJobToImportUser()[pri:2, instance:com.bp.saviynt.UpdateDLTest@3e57cd70] output={null}]]]>
              </value>
            </param>
          </params>
          <reporter-output>
          </reporter-output>
        </test-method> <!-- CloseApplication -->
        <test-method status="PASS" signature="openApplication()[pri:0, instance:com.bp.saviynt.UpdateDLTest@3e57cd70]" name="openApplication" is-config="true" duration-ms="10323" started-at="2019-10-18T13:14:33 IST" finished-at="2019-10-18T13:14:44 IST">
          <reporter-output>
          </reporter-output>
        </test-method> <!-- openApplication -->
        <test-method status="FAIL" signature="checkCompanyNameandJobStatus()[pri:3, instance:com.bp.saviynt.UpdateDLTest@3e57cd70]" name="checkCompanyNameandJobStatus" duration-ms="309439" started-at="2019-10-18T13:14:44 IST" finished-at="2019-10-18T13:19:53 IST">
          <exception class="org.openqa.selenium.TimeoutException">
            <message>
              <![CDATA[Expected condition failed: waiting for visibility of element located by By.xpath: //tbody[@role='alert']//tr[1]//td[6][contains(text(),'ishugb')] (tried for 30 second(s) with 500 milliseconds interval)]]>
            </message>
            <full-stacktrace>
              <![CDATA[org.openqa.selenium.TimeoutException: Expected condition failed: waiting for visibility of element located by By.xpath: //tbody[@role='alert']//tr[1]//td[6][contains(text(),'ishugb')] (tried for 30 second(s) with 500 milliseconds interval)
at org.openqa.selenium.support.ui.WebDriverWait.timeoutException(WebDriverWait.java:113)
at org.openqa.selenium.support.ui.FluentWait.until(FluentWait.java:283)
at com.bp.saviynt.CompletedTasksPage.verifyStatusOfTask(CompletedTasksPage.java:49)
at com.bp.saviynt.UpdateDLTest.checkCompanyNameandJobStatus(UpdateDLTest.java:89)
at sun.reflect.NativeMethodAccessorImpl.invoke0(Native Method)
at sun.reflect.NativeMethodAccessorImpl.invoke(NativeMethodAccessorImpl.java:62)
at sun.reflect.DelegatingMethodAccessorImpl.invoke(DelegatingMethodAccessorImpl.java:43)
at java.lang.reflect.Method.invoke(Method.java:498)
at org.testng.internal.MethodInvocationHelper.invokeMethod(MethodInvocationHelper.java:133)
at org.testng.internal.TestInvoker.invokeMethod(TestInvoker.java:584)
at org.testng.internal.TestInvoker.invokeTestMethod(TestInvoker.java:172)
at org.testng.internal.MethodRunner.runInSequence(MethodRunner.java:46)
at org.testng.internal.TestInvoker$MethodInvocationAgent.invoke(TestInvoker.java:804)
at org.testng.internal.TestInvoker.invokeTestMethods(TestInvoker.java:145)
at org.testng.internal.TestMethodWorker.invokeTestMethods(TestMethodWorker.java:146)
at org.testng.internal.TestMethodWorker.run(TestMethodWorker.java:128)
at java.util.ArrayList.forEach(ArrayList.java:1257)
at org.testng.TestRunner.privateRun(TestRunner.java:770)
at org.testng.TestRunner.run(TestRunner.java:591)
at org.testng.SuiteRunner.runTest(SuiteRunner.java:402)
at org.testng.SuiteRunner.runSequentially(SuiteRunner.java:396)
at org.testng.SuiteRunner.privateRun(SuiteRunner.java:355)
at org.testng.SuiteRunner.run(SuiteRunner.java:304)
at org.testng.SuiteRunnerWorker.runSuite(SuiteRunnerWorker.java:53)
at org.testng.SuiteRunnerWorker.run(SuiteRunnerWorker.java:96)
at org.testng.TestNG.runSuitesSequentially(TestNG.java:1180)
at org.testng.TestNG.runSuitesLocally(TestNG.java:1102)
at org.testng.TestNG.runSuites(TestNG.java:1032)
at org.testng.TestNG.run(TestNG.java:1000)
at org.testng.remote.AbstractRemoteTestNG.run(AbstractRemoteTestNG.java:115)
at org.testng.remote.RemoteTestNG.initAndRun(RemoteTestNG.java:251)
at org.testng.remote.RemoteTestNG.main(RemoteTestNG.java:77)
Caused by: org.openqa.selenium.NoSuchElementException: Cannot locate an element using By.xpath: //tbody[@role='alert']//tr[1]//td[6][contains(text(),'ishugb')]
For documentation on this error, please visit: http://seleniumhq.org/exceptions/no_such_element.html
Build info: version: '3.14.0', revision: 'aacccce0', time: '2018-08-02T20:19:58.91Z'
System info: host: 'DESKTOP-HBAN9NH', ip: '9.204.98.20', os.name: 'Windows 10', os.arch: 'amd64', os.version: '10.0', java.version: '1.8.0_191'
Driver info: driver.version: unknown
at org.openqa.selenium.support.ui.ExpectedConditions.lambda$findElement$0(ExpectedConditions.java:896)
at java.util.Optional.orElseThrow(Optional.java:290)
at org.openqa.selenium.support.ui.ExpectedConditions.findElement(ExpectedConditions.java:895)
at org.openqa.selenium.support.ui.ExpectedConditions.access$000(ExpectedConditions.java:44)
at org.openqa.selenium.support.ui.ExpectedConditions$7.apply(ExpectedConditions.java:206)
at org.openqa.selenium.support.ui.ExpectedConditions$7.apply(ExpectedConditions.java:202)
at org.openqa.selenium.support.ui.FluentWait.until(FluentWait.java:260)
... 30 more
]]>
            </full-stacktrace>
          </exception> <!-- org.openqa.selenium.TimeoutException -->
          <reporter-output>
          </reporter-output>
        </test-method> <!-- checkCompanyNameandJobStatus -->
        <test-method status="PASS" signature="CloseApplication(org.testng.ITestResult)[pri:0, instance:com.bp.saviynt.UpdateDLTest@3e57cd70]" name="CloseApplication" is-config="true" duration-ms="932" started-at="2019-10-18T13:19:53 IST" finished-at="2019-10-18T13:19:54 IST">
          <params>
            <param index="0">
              <value>
                <![CDATA[[TestResult name=checkCompanyNameandJobStatus status=FAILURE method=UpdateDLTest.checkCompanyNameandJobStatus()[pri:3, instance:com.bp.saviynt.UpdateDLTest@3e57cd70] output={null}]]]>
              </value>
            </param>
          </params>
          <reporter-output>
          </reporter-output>
        </test-method> <!-- CloseApplication -->
        <test-method status="PASS" signature="sendReport()[pri:0, instance:com.bp.saviynt.UpdateDLTest@3e57cd70]" name="sendReport" is-config="true" duration-ms="28533" started-at="2019-10-18T13:19:55 IST" finished-at="2019-10-18T13:20:24 IST">
          <reporter-output>
          </reporter-output>
        </test-method> <!-- sendReport -->
      </class> <!-- com.bp.saviynt.UpdateDLTest -->
    </test> <!-- Default test -->
  </suite> <!-- Default suite -->
</testng-results>
