<?xml version="1.0" encoding="UTF-8"?>
<testng-results skipped="0" failed="0" ignored="0" total="1" passed="1">
  <reporter-output>
  </reporter-output>
  <suite name="Default suite" duration-ms="241178" started-at="2019-08-01T10:10:10Z" finished-at="2019-08-01T10:14:11Z">
    <groups>
    </groups>
    <test name="Default test" duration-ms="241178" started-at="2019-08-01T10:10:10Z" finished-at="2019-08-01T10:14:11Z">
      <class name="com.bp.saviynt.SOD_Recalculation_ASP">
        <test-method status="PASS" signature="openApplication()[pri:0, instance:com.bp.saviynt.SOD_Recalculation_ASP@1d296da]" name="openApplication" is-config="true" duration-ms="17735" started-at="2019-08-01T10:10:10Z" finished-at="2019-08-01T10:10:28Z">
          <reporter-output>
          </reporter-output>
        </test-method> <!-- openApplication -->
        <test-method status="PASS" signature="sodRejectionAndRecalculation()[pri:1, instance:com.bp.saviynt.SOD_Recalculation_ASP@1d296da]" name="sodRejectionAndRecalculation" duration-ms="223123" started-at="2019-08-01T10:10:28Z" finished-at="2019-08-01T10:14:11Z">
          <reporter-output>
          </reporter-output>
        </test-method> <!-- sodRejectionAndRecalculation -->
        <test-method status="PASS" signature="CloseApplication(org.testng.ITestResult)[pri:0, instance:com.bp.saviynt.SOD_Recalculation_ASP@1d296da]" name="CloseApplication" is-config="true" duration-ms="280" started-at="2019-08-01T10:14:11Z" finished-at="2019-08-01T10:14:11Z">
          <params>
            <param index="0">
              <value>
                <![CDATA[[TestResult name=sodRejectionAndRecalculation status=SUCCESS method=SOD_Recalculation_ASP.sodRejectionAndRecalculation()[pri:1, instance:com.bp.saviynt.SOD_Recalculation_ASP@1d296da] output={null}]]]>
              </value>
            </param>
          </params>
          <reporter-output>
          </reporter-output>
        </test-method> <!-- CloseApplication -->
        <test-method status="PASS" signature="sendReport()[pri:0, instance:com.bp.saviynt.SOD_Recalculation_ASP@1d296da]" name="sendReport" is-config="true" duration-ms="24934" started-at="2019-08-01T10:14:12Z" finished-at="2019-08-01T10:14:37Z">
          <reporter-output>
          </reporter-output>
        </test-method> <!-- sendReport -->
      </class> <!-- com.bp.saviynt.SOD_Recalculation_ASP -->
    </test> <!-- Default test -->
  </suite> <!-- Default suite -->
</testng-results>
