<?xml version="1.0" encoding="UTF-8"?>
<testng-results skipped="0" failed="0" ignored="0" total="1" passed="1">
  <reporter-output>
  </reporter-output>
  <suite name="Default suite" duration-ms="60476" started-at="2020-01-08T18:54:44 IST" finished-at="2020-01-08T18:55:45 IST">
    <groups>
    </groups>
    <test name="Default test" duration-ms="60476" started-at="2020-01-08T18:54:44 IST" finished-at="2020-01-08T18:55:45 IST">
      <class name="com.bp.saviynt.SaviyntAnalytics_ViewAnalyticsTest">
        <test-method status="PASS" signature="openApplication()[pri:0, instance:com.bp.saviynt.SaviyntAnalytics_ViewAnalyticsTest@3e57cd70]" name="openApplication" is-config="true" duration-ms="25830" started-at="2020-01-08T18:54:44 IST" finished-at="2020-01-08T18:55:10 IST">
          <reporter-output>
          </reporter-output>
        </test-method> <!-- openApplication -->
        <test-method status="PASS" signature="viewAnalyticsTest()[pri:0, instance:com.bp.saviynt.SaviyntAnalytics_ViewAnalyticsTest@3e57cd70]" name="viewAnalyticsTest" duration-ms="33731" started-at="2020-01-08T18:55:10 IST" finished-at="2020-01-08T18:55:44 IST">
          <reporter-output>
          </reporter-output>
        </test-method> <!-- viewAnalyticsTest -->
        <test-method status="PASS" signature="CloseApplication(org.testng.ITestResult)[pri:0, instance:com.bp.saviynt.SaviyntAnalytics_ViewAnalyticsTest@3e57cd70]" name="CloseApplication" is-config="true" duration-ms="825" started-at="2020-01-08T18:55:44 IST" finished-at="2020-01-08T18:55:45 IST">
          <params>
            <param index="0">
              <value>
                <![CDATA[[TestResult name=viewAnalyticsTest status=SUCCESS method=SaviyntAnalytics_ViewAnalyticsTest.viewAnalyticsTest()[pri:0, instance:com.bp.saviynt.SaviyntAnalytics_ViewAnalyticsTest@3e57cd70] output={null}]]]>
              </value>
            </param>
          </params>
          <reporter-output>
          </reporter-output>
        </test-method> <!-- CloseApplication -->
        <test-method status="PASS" signature="sendReport()[pri:0, instance:com.bp.saviynt.SaviyntAnalytics_ViewAnalyticsTest@3e57cd70]" name="sendReport" is-config="true" duration-ms="19625" started-at="2020-01-08T18:55:47 IST" finished-at="2020-01-08T18:56:06 IST">
          <reporter-output>
          </reporter-output>
        </test-method> <!-- sendReport -->
      </class> <!-- com.bp.saviynt.SaviyntAnalytics_ViewAnalyticsTest -->
    </test> <!-- Default test -->
  </suite> <!-- Default suite -->
</testng-results>
