<?xml version="1.0" encoding="UTF-8"?>
<testng-results skipped="0" failed="1" total="1" passed="0">
  <reporter-output>
  </reporter-output>
  <suite name="Default suite" duration-ms="72392" started-at="2020-01-30T08:35:42Z" finished-at="2020-01-30T08:36:54Z">
    <groups>
    </groups>
    <test name="Default test" duration-ms="72392" started-at="2020-01-30T08:35:42Z" finished-at="2020-01-30T08:36:54Z">
      <class name="com.bp.saviynt.SaviyntAttestations_CreateCampaign">
        <test-method status="PASS" signature="openApplication()[pri:0, instance:com.bp.saviynt.SaviyntAttestations_CreateCampaign@5034c75a]" name="openApplication" is-config="true" duration-ms="21376" started-at="2020-01-30T14:05:42Z" finished-at="2020-01-30T14:06:03Z">
          <reporter-output>
          </reporter-output>
        </test-method> <!-- openApplication -->
        <test-method status="FAIL" signature="createAndViewReportTest()[pri:0, instance:com.bp.saviynt.SaviyntAttestations_CreateCampaign@5034c75a]" name="createAndViewReportTest" duration-ms="49903" started-at="2020-01-30T14:06:03Z" finished-at="2020-01-30T14:06:53Z">
          <exception class="org.openqa.selenium.ElementClickInterceptedException">
            <message>
              <![CDATA[element click intercepted: Element <span class="select2-chosen">...</span> is not clickable at point (422, 302). Other element would receive the click: <div class="bg" style="background: rgb(0, 0, 0); opacity: 0.03; width: 100%; height: 100%; position: absolute; top: 0px;"></div>
  (Session info: chrome=79.0.3945.130)
Build info: version: '3.14.0', revision: 'aacccce0', time: '2018-08-02T20:19:58.91Z'
System info: host: 'DESKTOP-4PA23OJ', ip: '9.234.246.60', os.name: 'Windows 10', os.arch: 'amd64', os.version: '10.0', java.version: '1.8.0_211'
Driver info: org.openqa.selenium.chrome.ChromeDriver
Capabilities {acceptInsecureCerts: false, browserName: chrome, browserVersion: 79.0.3945.130, chrome: {chromedriverVersion: 78.0.3904.105 (60e2d8774a81..., userDataDir: C:\Users\SHWETA~1\AppData\L...}, goog:chromeOptions: {debuggerAddress: localhost:53140}, javascriptEnabled: true, networkConnectionEnabled: false, pageLoadStrategy: normal, platform: XP, platformName: XP, proxy: Proxy(), setWindowRect: true, strictFileInteractability: false, timeouts: {implicit: 0, pageLoad: 300000, script: 30000}, unhandledPromptBehavior: dismiss and notify}
Session ID: 45b24031b3d294bbddbf8a4e36fcb823]]>
            </message>
            <full-stacktrace>
              <![CDATA[org.openqa.selenium.ElementClickInterceptedException: element click intercepted: Element <span class="select2-chosen">...</span> is not clickable at point (422, 302). Other element would receive the click: <div class="bg" style="background: rgb(0, 0, 0); opacity: 0.03; width: 100%; height: 100%; position: absolute; top: 0px;"></div>
  (Session info: chrome=79.0.3945.130)
Build info: version: '3.14.0', revision: 'aacccce0', time: '2018-08-02T20:19:58.91Z'
System info: host: 'DESKTOP-4PA23OJ', ip: '9.234.246.60', os.name: 'Windows 10', os.arch: 'amd64', os.version: '10.0', java.version: '1.8.0_211'
Driver info: org.openqa.selenium.chrome.ChromeDriver
Capabilities {acceptInsecureCerts: false, browserName: chrome, browserVersion: 79.0.3945.130, chrome: {chromedriverVersion: 78.0.3904.105 (60e2d8774a81..., userDataDir: C:\Users\SHWETA~1\AppData\L...}, goog:chromeOptions: {debuggerAddress: localhost:53140}, javascriptEnabled: true, networkConnectionEnabled: false, pageLoadStrategy: normal, platform: XP, platformName: XP, proxy: Proxy(), setWindowRect: true, strictFileInteractability: false, timeouts: {implicit: 0, pageLoad: 300000, script: 30000}, unhandledPromptBehavior: dismiss and notify}
Session ID: 45b24031b3d294bbddbf8a4e36fcb823
	at sun.reflect.NativeConstructorAccessorImpl.newInstance0(Native Method)
	at sun.reflect.NativeConstructorAccessorImpl.newInstance(NativeConstructorAccessorImpl.java:62)
	at sun.reflect.DelegatingConstructorAccessorImpl.newInstance(DelegatingConstructorAccessorImpl.java:45)
	at java.lang.reflect.Constructor.newInstance(Constructor.java:423)
	at org.openqa.selenium.remote.http.W3CHttpResponseCodec.createException(W3CHttpResponseCodec.java:187)
	at org.openqa.selenium.remote.http.W3CHttpResponseCodec.decode(W3CHttpResponseCodec.java:122)
	at org.openqa.selenium.remote.http.W3CHttpResponseCodec.decode(W3CHttpResponseCodec.java:49)
	at org.openqa.selenium.remote.HttpCommandExecutor.execute(HttpCommandExecutor.java:158)
	at org.openqa.selenium.remote.service.DriverCommandExecutor.execute(DriverCommandExecutor.java:83)
	at org.openqa.selenium.remote.RemoteWebDriver.execute(RemoteWebDriver.java:548)
	at org.openqa.selenium.remote.RemoteWebElement.execute(RemoteWebElement.java:276)
	at org.openqa.selenium.remote.RemoteWebElement.click(RemoteWebElement.java:83)
	at sun.reflect.NativeMethodAccessorImpl.invoke0(Native Method)
	at sun.reflect.NativeMethodAccessorImpl.invoke(NativeMethodAccessorImpl.java:62)
	at sun.reflect.DelegatingMethodAccessorImpl.invoke(DelegatingMethodAccessorImpl.java:43)
	at java.lang.reflect.Method.invoke(Method.java:498)
	at org.openqa.selenium.support.pagefactory.internal.LocatingElementHandler.invoke(LocatingElementHandler.java:51)
	at com.sun.proxy.$Proxy9.click(Unknown Source)
	at com.bp.saviynt.CreateAttestationsPage.addDetails(CreateAttestationsPage.java:118)
	at com.bp.saviynt.SaviyntAttestations_CreateCampaign.createAndViewReportTest(SaviyntAttestations_CreateCampaign.java:34)
	at sun.reflect.NativeMethodAccessorImpl.invoke0(Native Method)
	at sun.reflect.NativeMethodAccessorImpl.invoke(NativeMethodAccessorImpl.java:62)
	at sun.reflect.DelegatingMethodAccessorImpl.invoke(DelegatingMethodAccessorImpl.java:43)
	at java.lang.reflect.Method.invoke(Method.java:498)
	at org.testng.internal.MethodInvocationHelper.invokeMethod(MethodInvocationHelper.java:86)
	at org.testng.internal.Invoker.invokeMethod(Invoker.java:645)
	at org.testng.internal.Invoker.invokeTestMethod(Invoker.java:822)
	at org.testng.internal.Invoker.invokeTestMethods(Invoker.java:1130)
	at org.testng.internal.TestMethodWorker.invokeTestMethods(TestMethodWorker.java:129)
	at org.testng.internal.TestMethodWorker.run(TestMethodWorker.java:112)
	at org.testng.TestRunner.privateRun(TestRunner.java:782)
	at org.testng.TestRunner.run(TestRunner.java:632)
	at org.testng.SuiteRunner.runTest(SuiteRunner.java:366)
	at org.testng.SuiteRunner.runSequentially(SuiteRunner.java:361)
	at org.testng.SuiteRunner.privateRun(SuiteRunner.java:319)
	at org.testng.SuiteRunner.run(SuiteRunner.java:268)
	at org.testng.SuiteRunnerWorker.runSuite(SuiteRunnerWorker.java:52)
	at org.testng.SuiteRunnerWorker.run(SuiteRunnerWorker.java:86)
	at org.testng.TestNG.runSuitesSequentially(TestNG.java:1244)
	at org.testng.TestNG.runSuitesLocally(TestNG.java:1169)
	at org.testng.TestNG.run(TestNG.java:1064)
	at org.testng.remote.RemoteTestNG.run(RemoteTestNG.java:113)
	at org.testng.remote.RemoteTestNG.initAndRun(RemoteTestNG.java:206)
	at org.testng.remote.RemoteTestNG.main(RemoteTestNG.java:177)
]]>
            </full-stacktrace>
          </exception> <!-- org.openqa.selenium.ElementClickInterceptedException -->
          <reporter-output>
          </reporter-output>
        </test-method> <!-- createAndViewReportTest -->
        <test-method status="PASS" signature="CloseApplication(org.testng.ITestResult)[pri:0, instance:com.bp.saviynt.SaviyntAttestations_CreateCampaign@5034c75a]" name="CloseApplication" is-config="true" duration-ms="1081" started-at="2020-01-30T14:06:53Z" finished-at="2020-01-30T14:06:54Z">
          <params>
            <param index="0">
              <value>
                <![CDATA[[TestResult name=createAndViewReportTest status=FAILURE method=SaviyntAttestations_CreateCampaign.createAndViewReportTest()[pri:0, instance:com.bp.saviynt.SaviyntAttestations_CreateCampaign@5034c75a] output={null}]]]>
              </value>
            </param>
          </params>
          <reporter-output>
          </reporter-output>
        </test-method> <!-- CloseApplication -->
        <test-method status="PASS" signature="sendReport()[pri:0, instance:com.bp.saviynt.SaviyntAttestations_CreateCampaign@5034c75a]" name="sendReport" is-config="true" duration-ms="24212" started-at="2020-01-30T14:06:55Z" finished-at="2020-01-30T14:07:20Z">
          <reporter-output>
          </reporter-output>
        </test-method> <!-- sendReport -->
      </class> <!-- com.bp.saviynt.SaviyntAttestations_CreateCampaign -->
    </test> <!-- Default test -->
  </suite> <!-- Default suite -->
</testng-results>
