<?xml version="1.0" encoding="UTF-8"?>
<testng-results skipped="0" failed="0" ignored="0" total="1" passed="1">
  <reporter-output>
  </reporter-output>
  <suite name="Default suite" duration-ms="52688" started-at="2018-09-20T11:18:45Z" finished-at="2018-09-20T11:19:38Z">
    <groups>
    </groups>
    <test name="Default test" duration-ms="52688" started-at="2018-09-20T11:18:45Z" finished-at="2018-09-20T11:19:38Z">
      <class name="com.maven.test.TestCase">
        <test-method status="PASS" signature="TC()[pri:0, instance:com.maven.test.TestCase@18be83e4]" name="TC" duration-ms="52643" started-at="2018-09-20T11:18:45Z" finished-at="2018-09-20T11:19:38Z">
          <reporter-output>
          </reporter-output>
        </test-method> <!-- TC -->
      </class> <!-- com.maven.test.TestCase -->
    </test> <!-- Default test -->
  </suite> <!-- Default suite -->
</testng-results>
