<?xml version="1.0" encoding="UTF-8"?>
<testng-results skipped="0" failed="1" ignored="0" total="20" passed="19">
  <reporter-output>
  </reporter-output>
  <suite name="Saviynt" duration-ms="2413077" started-at="2019-04-02T09:30:26Z" finished-at="2019-04-02T10:10:39Z">
    <groups>
    </groups>
    <test name="Add enterprise role - r6" duration-ms="712395" started-at="2019-04-02T09:30:26Z" finished-at="2019-04-02T09:42:18Z">
      <class name="com.bp.saviynt.Add_Enterprise_Role_R6">
        <test-method status="PASS" signature="openApplication()[pri:0, instance:com.bp.saviynt.Add_Enterprise_Role_R6@79079097]" name="openApplication" is-config="true" duration-ms="83690" started-at="2019-04-02T09:30:26Z" finished-at="2019-04-02T09:31:50Z">
          <reporter-output>
          </reporter-output>
        </test-method> <!-- openApplication -->
        <test-method status="PASS" signature="createEndUser()[pri:1, instance:com.bp.saviynt.Add_Enterprise_Role_R6@79079097]" name="createEndUser" duration-ms="113962" started-at="2019-04-02T09:31:50Z" finished-at="2019-04-02T09:33:44Z">
          <reporter-output>
          </reporter-output>
        </test-method> <!-- createEndUser -->
        <test-method status="PASS" signature="CloseApplication(org.testng.ITestResult)[pri:0, instance:com.bp.saviynt.Add_Enterprise_Role_R6@79079097]" name="CloseApplication" is-config="true" duration-ms="958" started-at="2019-04-02T09:33:44Z" finished-at="2019-04-02T09:33:45Z">
          <params>
            <param index="0">
              <value>
                <![CDATA[[TestResult name=createEndUser status=SUCCESS method=Add_Enterprise_Role_R6.createEndUser()[pri:1, instance:com.bp.saviynt.Add_Enterprise_Role_R6@79079097] output={null}]]]>
              </value>
            </param>
          </params>
          <reporter-output>
          </reporter-output>
        </test-method> <!-- CloseApplication -->
        <test-method status="PASS" signature="openApplication()[pri:0, instance:com.bp.saviynt.Add_Enterprise_Role_R6@79079097]" name="openApplication" is-config="true" duration-ms="50796" started-at="2019-04-02T09:33:45Z" finished-at="2019-04-02T09:34:35Z">
          <reporter-output>
          </reporter-output>
        </test-method> <!-- openApplication -->
        <test-method status="PASS" signature="createRequestAndRoleApproval()[pri:2, instance:com.bp.saviynt.Add_Enterprise_Role_R6@79079097]" name="createRequestAndRoleApproval" duration-ms="196928" started-at="2019-04-02T09:34:35Z" finished-at="2019-04-02T09:37:52Z">
          <reporter-output>
          </reporter-output>
        </test-method> <!-- createRequestAndRoleApproval -->
        <test-method status="PASS" signature="CloseApplication(org.testng.ITestResult)[pri:0, instance:com.bp.saviynt.Add_Enterprise_Role_R6@79079097]" name="CloseApplication" is-config="true" duration-ms="1364" started-at="2019-04-02T09:37:52Z" finished-at="2019-04-02T09:37:54Z">
          <params>
            <param index="0">
              <value>
                <![CDATA[[TestResult name=createRequestAndRoleApproval status=SUCCESS method=Add_Enterprise_Role_R6.createRequestAndRoleApproval()[pri:2, instance:com.bp.saviynt.Add_Enterprise_Role_R6@79079097] output={null}]]]>
              </value>
            </param>
          </params>
          <reporter-output>
          </reporter-output>
        </test-method> <!-- CloseApplication -->
        <test-method status="PASS" signature="openApplication()[pri:0, instance:com.bp.saviynt.Add_Enterprise_Role_R6@79079097]" name="openApplication" is-config="true" duration-ms="29302" started-at="2019-04-02T09:37:54Z" finished-at="2019-04-02T09:38:23Z">
          <reporter-output>
          </reporter-output>
        </test-method> <!-- openApplication -->
        <test-method status="PASS" signature="scheduleJob()[pri:3, instance:com.bp.saviynt.Add_Enterprise_Role_R6@79079097]" name="scheduleJob" duration-ms="90749" started-at="2019-04-02T09:38:23Z" finished-at="2019-04-02T09:39:54Z">
          <reporter-output>
          </reporter-output>
        </test-method> <!-- scheduleJob -->
        <test-method status="PASS" signature="CloseApplication(org.testng.ITestResult)[pri:0, instance:com.bp.saviynt.Add_Enterprise_Role_R6@79079097]" name="CloseApplication" is-config="true" duration-ms="1064" started-at="2019-04-02T09:39:54Z" finished-at="2019-04-02T09:39:55Z">
          <params>
            <param index="0">
              <value>
                <![CDATA[[TestResult name=scheduleJob status=SUCCESS method=Add_Enterprise_Role_R6.scheduleJob()[pri:3, instance:com.bp.saviynt.Add_Enterprise_Role_R6@79079097] output={null}]]]>
              </value>
            </param>
          </params>
          <reporter-output>
          </reporter-output>
        </test-method> <!-- CloseApplication -->
        <test-method status="PASS" signature="openApplication()[pri:0, instance:com.bp.saviynt.Add_Enterprise_Role_R6@79079097]" name="openApplication" is-config="true" duration-ms="53646" started-at="2019-04-02T09:39:55Z" finished-at="2019-04-02T09:40:48Z">
          <reporter-output>
          </reporter-output>
        </test-method> <!-- openApplication -->
        <test-method status="PASS" signature="validateEntitlements()[pri:4, instance:com.bp.saviynt.Add_Enterprise_Role_R6@79079097]" name="validateEntitlements" duration-ms="88737" started-at="2019-04-02T09:40:48Z" finished-at="2019-04-02T09:42:17Z">
          <reporter-output>
          </reporter-output>
        </test-method> <!-- validateEntitlements -->
        <test-method status="PASS" signature="CloseApplication(org.testng.ITestResult)[pri:0, instance:com.bp.saviynt.Add_Enterprise_Role_R6@79079097]" name="CloseApplication" is-config="true" duration-ms="1157" started-at="2019-04-02T09:42:17Z" finished-at="2019-04-02T09:42:18Z">
          <params>
            <param index="0">
              <value>
                <![CDATA[[TestResult name=validateEntitlements status=SUCCESS method=Add_Enterprise_Role_R6.validateEntitlements()[pri:4, instance:com.bp.saviynt.Add_Enterprise_Role_R6@79079097] output={null}]]]>
              </value>
            </param>
          </params>
          <reporter-output>
          </reporter-output>
        </test-method> <!-- CloseApplication -->
      </class> <!-- com.bp.saviynt.Add_Enterprise_Role_R6 -->
    </test> <!-- Add enterprise role - r6 -->
    <test name="Add enterprise role - r7" duration-ms="329818" started-at="2019-04-02T09:42:20Z" finished-at="2019-04-02T09:47:50Z">
      <class name="com.bp.saviynt.Add_Enterprise_Role_R7">
        <test-method status="PASS" signature="openApplication()[pri:0, instance:com.bp.saviynt.Add_Enterprise_Role_R7@20d525]" name="openApplication" is-config="true" duration-ms="12614" started-at="2019-04-02T09:42:20Z" finished-at="2019-04-02T09:42:33Z">
          <reporter-output>
          </reporter-output>
        </test-method> <!-- openApplication -->
        <test-method status="PASS" signature="createRequestAndRoleApproval()[pri:1, instance:com.bp.saviynt.Add_Enterprise_Role_R7@20d525]" name="createRequestAndRoleApproval" duration-ms="111657" started-at="2019-04-02T09:42:33Z" finished-at="2019-04-02T09:44:25Z">
          <reporter-output>
          </reporter-output>
        </test-method> <!-- createRequestAndRoleApproval -->
        <test-method status="PASS" signature="CloseApplication(org.testng.ITestResult)[pri:0, instance:com.bp.saviynt.Add_Enterprise_Role_R7@20d525]" name="CloseApplication" is-config="true" duration-ms="1101" started-at="2019-04-02T09:44:25Z" finished-at="2019-04-02T09:44:26Z">
          <params>
            <param index="0">
              <value>
                <![CDATA[[TestResult name=createRequestAndRoleApproval status=SUCCESS method=Add_Enterprise_Role_R7.createRequestAndRoleApproval()[pri:1, instance:com.bp.saviynt.Add_Enterprise_Role_R7@20d525] output={null}]]]>
              </value>
            </param>
          </params>
          <reporter-output>
          </reporter-output>
        </test-method> <!-- CloseApplication -->
        <test-method status="PASS" signature="openApplication()[pri:0, instance:com.bp.saviynt.Add_Enterprise_Role_R7@20d525]" name="openApplication" is-config="true" duration-ms="47595" started-at="2019-04-02T09:44:26Z" finished-at="2019-04-02T09:45:13Z">
          <reporter-output>
          </reporter-output>
        </test-method> <!-- openApplication -->
        <test-method status="PASS" signature="scheduleJob()[pri:2, instance:com.bp.saviynt.Add_Enterprise_Role_R7@20d525]" name="scheduleJob" duration-ms="82551" started-at="2019-04-02T09:45:13Z" finished-at="2019-04-02T09:46:36Z">
          <reporter-output>
          </reporter-output>
        </test-method> <!-- scheduleJob -->
        <test-method status="PASS" signature="CloseApplication(org.testng.ITestResult)[pri:0, instance:com.bp.saviynt.Add_Enterprise_Role_R7@20d525]" name="CloseApplication" is-config="true" duration-ms="1151" started-at="2019-04-02T09:46:36Z" finished-at="2019-04-02T09:46:37Z">
          <params>
            <param index="0">
              <value>
                <![CDATA[[TestResult name=scheduleJob status=SUCCESS method=Add_Enterprise_Role_R7.scheduleJob()[pri:2, instance:com.bp.saviynt.Add_Enterprise_Role_R7@20d525] output={null}]]]>
              </value>
            </param>
          </params>
          <reporter-output>
          </reporter-output>
        </test-method> <!-- CloseApplication -->
        <test-method status="PASS" signature="openApplication()[pri:0, instance:com.bp.saviynt.Add_Enterprise_Role_R7@20d525]" name="openApplication" is-config="true" duration-ms="19254" started-at="2019-04-02T09:46:37Z" finished-at="2019-04-02T09:46:56Z">
          <reporter-output>
          </reporter-output>
        </test-method> <!-- openApplication -->
        <test-method status="PASS" signature="validateEntitlements()[pri:3, instance:com.bp.saviynt.Add_Enterprise_Role_R7@20d525]" name="validateEntitlements" duration-ms="52639" started-at="2019-04-02T09:46:56Z" finished-at="2019-04-02T09:47:49Z">
          <reporter-output>
          </reporter-output>
        </test-method> <!-- validateEntitlements -->
        <test-method status="PASS" signature="CloseApplication(org.testng.ITestResult)[pri:0, instance:com.bp.saviynt.Add_Enterprise_Role_R7@20d525]" name="CloseApplication" is-config="true" duration-ms="1233" started-at="2019-04-02T09:47:49Z" finished-at="2019-04-02T09:47:50Z">
          <params>
            <param index="0">
              <value>
                <![CDATA[[TestResult name=validateEntitlements status=SUCCESS method=Add_Enterprise_Role_R7.validateEntitlements()[pri:3, instance:com.bp.saviynt.Add_Enterprise_Role_R7@20d525] output={null}]]]>
              </value>
            </param>
          </params>
          <reporter-output>
          </reporter-output>
        </test-method> <!-- CloseApplication -->
      </class> <!-- com.bp.saviynt.Add_Enterprise_Role_R7 -->
    </test> <!-- Add enterprise role - r7 -->
    <test name="Remove enterprise role - r6 and r7" duration-ms="265225" started-at="2019-04-02T09:47:51Z" finished-at="2019-04-02T09:52:16Z">
      <class name="com.bp.saviynt.Remove_Enterprise_Role_R6andR7">
        <test-method status="PASS" signature="openApplication()[pri:0, instance:com.bp.saviynt.Remove_Enterprise_Role_R6andR7@158a8276]" name="openApplication" is-config="true" duration-ms="13064" started-at="2019-04-02T09:47:51Z" finished-at="2019-04-02T09:48:04Z">
          <reporter-output>
          </reporter-output>
        </test-method> <!-- openApplication -->
        <test-method status="PASS" signature="RemoveRoleR6andR7()[pri:1, instance:com.bp.saviynt.Remove_Enterprise_Role_R6andR7@158a8276]" name="RemoveRoleR6andR7" duration-ms="61159" started-at="2019-04-02T09:48:04Z" finished-at="2019-04-02T09:49:05Z">
          <reporter-output>
          </reporter-output>
        </test-method> <!-- RemoveRoleR6andR7 -->
        <test-method status="PASS" signature="CloseApplication(org.testng.ITestResult)[pri:0, instance:com.bp.saviynt.Remove_Enterprise_Role_R6andR7@158a8276]" name="CloseApplication" is-config="true" duration-ms="1120" started-at="2019-04-02T09:49:05Z" finished-at="2019-04-02T09:49:07Z">
          <params>
            <param index="0">
              <value>
                <![CDATA[[TestResult name=RemoveRoleR6andR7 status=SUCCESS method=Remove_Enterprise_Role_R6andR7.RemoveRoleR6andR7()[pri:1, instance:com.bp.saviynt.Remove_Enterprise_Role_R6andR7@158a8276] output={null}]]]>
              </value>
            </param>
          </params>
          <reporter-output>
          </reporter-output>
        </test-method> <!-- CloseApplication -->
        <test-method status="PASS" signature="openApplication()[pri:0, instance:com.bp.saviynt.Remove_Enterprise_Role_R6andR7@158a8276]" name="openApplication" is-config="true" duration-ms="21126" started-at="2019-04-02T09:49:07Z" finished-at="2019-04-02T09:49:28Z">
          <reporter-output>
          </reporter-output>
        </test-method> <!-- openApplication -->
        <test-method status="PASS" signature="scheduleJob()[pri:2, instance:com.bp.saviynt.Remove_Enterprise_Role_R6andR7@158a8276]" name="scheduleJob" duration-ms="67355" started-at="2019-04-02T09:49:28Z" finished-at="2019-04-02T09:50:35Z">
          <reporter-output>
          </reporter-output>
        </test-method> <!-- scheduleJob -->
        <test-method status="PASS" signature="CloseApplication(org.testng.ITestResult)[pri:0, instance:com.bp.saviynt.Remove_Enterprise_Role_R6andR7@158a8276]" name="CloseApplication" is-config="true" duration-ms="1189" started-at="2019-04-02T09:50:35Z" finished-at="2019-04-02T09:50:36Z">
          <params>
            <param index="0">
              <value>
                <![CDATA[[TestResult name=scheduleJob status=SUCCESS method=Remove_Enterprise_Role_R6andR7.scheduleJob()[pri:2, instance:com.bp.saviynt.Remove_Enterprise_Role_R6andR7@158a8276] output={null}]]]>
              </value>
            </param>
          </params>
          <reporter-output>
          </reporter-output>
        </test-method> <!-- CloseApplication -->
        <test-method status="PASS" signature="openApplication()[pri:0, instance:com.bp.saviynt.Remove_Enterprise_Role_R6andR7@158a8276]" name="openApplication" is-config="true" duration-ms="41974" started-at="2019-04-02T09:50:36Z" finished-at="2019-04-02T09:51:18Z">
          <reporter-output>
          </reporter-output>
        </test-method> <!-- openApplication -->
        <test-method status="PASS" signature="validateEntitlements()[pri:3, instance:com.bp.saviynt.Remove_Enterprise_Role_R6andR7@158a8276]" name="validateEntitlements" duration-ms="56940" started-at="2019-04-02T09:51:18Z" finished-at="2019-04-02T09:52:15Z">
          <reporter-output>
          </reporter-output>
        </test-method> <!-- validateEntitlements -->
        <test-method status="PASS" signature="CloseApplication(org.testng.ITestResult)[pri:0, instance:com.bp.saviynt.Remove_Enterprise_Role_R6andR7@158a8276]" name="CloseApplication" is-config="true" duration-ms="1278" started-at="2019-04-02T09:52:15Z" finished-at="2019-04-02T09:52:16Z">
          <params>
            <param index="0">
              <value>
                <![CDATA[[TestResult name=validateEntitlements status=SUCCESS method=Remove_Enterprise_Role_R6andR7.validateEntitlements()[pri:3, instance:com.bp.saviynt.Remove_Enterprise_Role_R6andR7@158a8276] output={null}]]]>
              </value>
            </param>
          </params>
          <reporter-output>
          </reporter-output>
        </test-method> <!-- CloseApplication -->
      </class> <!-- com.bp.saviynt.Remove_Enterprise_Role_R6andR7 -->
    </test> <!-- Remove enterprise role - r6 and r7 -->
    <test name="NewUser_Add_Group_Permission_Profile" duration-ms="510093" started-at="2019-04-02T09:52:17Z" finished-at="2019-04-02T10:00:47Z">
      <class name="com.bp.saviynt.NewUser_Add_Group_Permission_Profile">
        <test-method status="PASS" signature="openApplication()[pri:0, instance:com.bp.saviynt.NewUser_Add_Group_Permission_Profile@445b295b]" name="openApplication" is-config="true" duration-ms="44583" started-at="2019-04-02T09:52:17Z" finished-at="2019-04-02T09:53:02Z">
          <reporter-output>
          </reporter-output>
        </test-method> <!-- openApplication -->
        <test-method status="PASS" signature="createEndUser()[pri:1, instance:com.bp.saviynt.NewUser_Add_Group_Permission_Profile@445b295b]" name="createEndUser" duration-ms="117478" started-at="2019-04-02T09:53:02Z" finished-at="2019-04-02T09:54:59Z">
          <reporter-output>
          </reporter-output>
        </test-method> <!-- createEndUser -->
        <test-method status="PASS" signature="CloseApplication(org.testng.ITestResult)[pri:0, instance:com.bp.saviynt.NewUser_Add_Group_Permission_Profile@445b295b]" name="CloseApplication" is-config="true" duration-ms="1277" started-at="2019-04-02T09:54:59Z" finished-at="2019-04-02T09:55:01Z">
          <params>
            <param index="0">
              <value>
                <![CDATA[[TestResult name=createEndUser status=SUCCESS method=NewUser_Add_Group_Permission_Profile.createEndUser()[pri:1, instance:com.bp.saviynt.NewUser_Add_Group_Permission_Profile@445b295b] output={null}]]]>
              </value>
            </param>
          </params>
          <reporter-output>
          </reporter-output>
        </test-method> <!-- CloseApplication -->
        <test-method status="PASS" signature="openApplication()[pri:0, instance:com.bp.saviynt.NewUser_Add_Group_Permission_Profile@445b295b]" name="openApplication" is-config="true" duration-ms="49936" started-at="2019-04-02T09:55:01Z" finished-at="2019-04-02T09:55:51Z">
          <reporter-output>
          </reporter-output>
        </test-method> <!-- openApplication -->
        <test-method status="PASS" signature="createRequestAndEndpointApprove()[pri:2, instance:com.bp.saviynt.NewUser_Add_Group_Permission_Profile@445b295b]" name="createRequestAndEndpointApprove" duration-ms="152204" started-at="2019-04-02T09:55:51Z" finished-at="2019-04-02T09:58:23Z">
          <reporter-output>
          </reporter-output>
        </test-method> <!-- createRequestAndEndpointApprove -->
        <test-method status="PASS" signature="CloseApplication(org.testng.ITestResult)[pri:0, instance:com.bp.saviynt.NewUser_Add_Group_Permission_Profile@445b295b]" name="CloseApplication" is-config="true" duration-ms="1076" started-at="2019-04-02T09:58:23Z" finished-at="2019-04-02T09:58:24Z">
          <params>
            <param index="0">
              <value>
                <![CDATA[[TestResult name=createRequestAndEndpointApprove status=SUCCESS method=NewUser_Add_Group_Permission_Profile.createRequestAndEndpointApprove()[pri:2, instance:com.bp.saviynt.NewUser_Add_Group_Permission_Profile@445b295b] output={null}]]]>
              </value>
            </param>
          </params>
          <reporter-output>
          </reporter-output>
        </test-method> <!-- CloseApplication -->
        <test-method status="PASS" signature="openApplication()[pri:0, instance:com.bp.saviynt.NewUser_Add_Group_Permission_Profile@445b295b]" name="openApplication" is-config="true" duration-ms="11067" started-at="2019-04-02T09:58:24Z" finished-at="2019-04-02T09:58:35Z">
          <reporter-output>
          </reporter-output>
        </test-method> <!-- openApplication -->
        <test-method status="PASS" signature="scheduleJob()[pri:3, instance:com.bp.saviynt.NewUser_Add_Group_Permission_Profile@445b295b]" name="scheduleJob" duration-ms="77542" started-at="2019-04-02T09:58:35Z" finished-at="2019-04-02T09:59:53Z">
          <reporter-output>
          </reporter-output>
        </test-method> <!-- scheduleJob -->
        <test-method status="PASS" signature="CloseApplication(org.testng.ITestResult)[pri:0, instance:com.bp.saviynt.NewUser_Add_Group_Permission_Profile@445b295b]" name="CloseApplication" is-config="true" duration-ms="1177" started-at="2019-04-02T09:59:53Z" finished-at="2019-04-02T09:59:54Z">
          <params>
            <param index="0">
              <value>
                <![CDATA[[TestResult name=scheduleJob status=SUCCESS method=NewUser_Add_Group_Permission_Profile.scheduleJob()[pri:3, instance:com.bp.saviynt.NewUser_Add_Group_Permission_Profile@445b295b] output={null}]]]>
              </value>
            </param>
          </params>
          <reporter-output>
          </reporter-output>
        </test-method> <!-- CloseApplication -->
        <test-method status="PASS" signature="openApplication()[pri:0, instance:com.bp.saviynt.NewUser_Add_Group_Permission_Profile@445b295b]" name="openApplication" is-config="true" duration-ms="11872" started-at="2019-04-02T09:59:54Z" finished-at="2019-04-02T10:00:06Z">
          <reporter-output>
          </reporter-output>
        </test-method> <!-- openApplication -->
        <test-method status="PASS" signature="validateEntitlements()[pri:4, instance:com.bp.saviynt.NewUser_Add_Group_Permission_Profile@445b295b]" name="validateEntitlements" duration-ms="40662" started-at="2019-04-02T10:00:06Z" finished-at="2019-04-02T10:00:46Z">
          <reporter-output>
          </reporter-output>
        </test-method> <!-- validateEntitlements -->
        <test-method status="PASS" signature="CloseApplication(org.testng.ITestResult)[pri:0, instance:com.bp.saviynt.NewUser_Add_Group_Permission_Profile@445b295b]" name="CloseApplication" is-config="true" duration-ms="1175" started-at="2019-04-02T10:00:46Z" finished-at="2019-04-02T10:00:47Z">
          <params>
            <param index="0">
              <value>
                <![CDATA[[TestResult name=validateEntitlements status=SUCCESS method=NewUser_Add_Group_Permission_Profile.validateEntitlements()[pri:4, instance:com.bp.saviynt.NewUser_Add_Group_Permission_Profile@445b295b] output={null}]]]>
              </value>
            </param>
          </params>
          <reporter-output>
          </reporter-output>
        </test-method> <!-- CloseApplication -->
      </class> <!-- com.bp.saviynt.NewUser_Add_Group_Permission_Profile -->
    </test> <!-- NewUser_Add_Group_Permission_Profile -->
    <test name="Existing_User_Modify_Account" duration-ms="325274" started-at="2019-04-02T10:00:50Z" finished-at="2019-04-02T10:06:15Z">
      <class name="com.bp.saviynt.Existing_User_Modify_Account">
        <test-method status="PASS" signature="openApplication()[pri:0, instance:com.bp.saviynt.Existing_User_Modify_Account@63070bab]" name="openApplication" is-config="true" duration-ms="16290" started-at="2019-04-02T10:00:50Z" finished-at="2019-04-02T10:01:06Z">
          <reporter-output>
          </reporter-output>
        </test-method> <!-- openApplication -->
        <test-method status="PASS" signature="createRequestAndEndpointApprove()[pri:1, instance:com.bp.saviynt.Existing_User_Modify_Account@63070bab]" name="createRequestAndEndpointApprove" duration-ms="128855" started-at="2019-04-02T10:01:06Z" finished-at="2019-04-02T10:03:15Z">
          <reporter-output>
          </reporter-output>
        </test-method> <!-- createRequestAndEndpointApprove -->
        <test-method status="PASS" signature="CloseApplication(org.testng.ITestResult)[pri:0, instance:com.bp.saviynt.Existing_User_Modify_Account@63070bab]" name="CloseApplication" is-config="true" duration-ms="1236" started-at="2019-04-02T10:03:15Z" finished-at="2019-04-02T10:03:16Z">
          <params>
            <param index="0">
              <value>
                <![CDATA[[TestResult name=createRequestAndEndpointApprove status=SUCCESS method=Existing_User_Modify_Account.createRequestAndEndpointApprove()[pri:1, instance:com.bp.saviynt.Existing_User_Modify_Account@63070bab] output={null}]]]>
              </value>
            </param>
          </params>
          <reporter-output>
          </reporter-output>
        </test-method> <!-- CloseApplication -->
        <test-method status="PASS" signature="openApplication()[pri:0, instance:com.bp.saviynt.Existing_User_Modify_Account@63070bab]" name="openApplication" is-config="true" duration-ms="29133" started-at="2019-04-02T10:03:16Z" finished-at="2019-04-02T10:03:46Z">
          <reporter-output>
          </reporter-output>
        </test-method> <!-- openApplication -->
        <test-method status="FAIL" signature="scheduleJob()[pri:2, instance:com.bp.saviynt.Existing_User_Modify_Account@63070bab]" name="scheduleJob" duration-ms="51277" started-at="2019-04-02T10:03:46Z" finished-at="2019-04-02T10:04:37Z">
          <exception class="org.openqa.selenium.TimeoutException">
            <message>
              <![CDATA[Expected condition failed: waiting for visibility of Proxy element for: DefaultElementLocator 'By.xpath: //li[@class='select2-search-field']//input[@type='text']' (tried for 30 second(s) with 500 milliseconds interval)]]>
            </message>
            <full-stacktrace>
              <![CDATA[org.openqa.selenium.TimeoutException: Expected condition failed: waiting for visibility of Proxy element for: DefaultElementLocator 'By.xpath: //li[@class='select2-search-field']//input[@type='text']' (tried for 30 second(s) with 500 milliseconds interval)
at org.openqa.selenium.support.ui.WebDriverWait.timeoutException(WebDriverWait.java:113)
at org.openqa.selenium.support.ui.FluentWait.until(FluentWait.java:283)
at com.bp.saviynt.AdminPage.openUtilityandProvisioningJob(AdminPage.java:225)
at com.bp.saviynt.Existing_User_Modify_Account.scheduleJob(Existing_User_Modify_Account.java:99)
at sun.reflect.NativeMethodAccessorImpl.invoke0(Native Method)
at sun.reflect.NativeMethodAccessorImpl.invoke(NativeMethodAccessorImpl.java:62)
at sun.reflect.DelegatingMethodAccessorImpl.invoke(DelegatingMethodAccessorImpl.java:43)
at java.lang.reflect.Method.invoke(Method.java:498)
at org.testng.internal.MethodInvocationHelper.invokeMethod(MethodInvocationHelper.java:124)
at org.testng.internal.Invoker.invokeMethod(Invoker.java:580)
at org.testng.internal.Invoker.invokeTestMethod(Invoker.java:716)
at org.testng.internal.Invoker.invokeTestMethods(Invoker.java:988)
at org.testng.internal.TestMethodWorker.invokeTestMethods(TestMethodWorker.java:125)
at org.testng.internal.TestMethodWorker.run(TestMethodWorker.java:109)
at org.testng.TestRunner.privateRun(TestRunner.java:648)
at org.testng.TestRunner.run(TestRunner.java:505)
at org.testng.SuiteRunner.runTest(SuiteRunner.java:455)
at org.testng.SuiteRunner.runSequentially(SuiteRunner.java:450)
at org.testng.SuiteRunner.privateRun(SuiteRunner.java:415)
at org.testng.SuiteRunner.run(SuiteRunner.java:364)
at org.testng.SuiteRunnerWorker.runSuite(SuiteRunnerWorker.java:52)
at org.testng.SuiteRunnerWorker.run(SuiteRunnerWorker.java:84)
at org.testng.TestNG.runSuitesSequentially(TestNG.java:1208)
at org.testng.TestNG.runSuitesLocally(TestNG.java:1137)
at org.testng.TestNG.runSuites(TestNG.java:1049)
at org.testng.TestNG.run(TestNG.java:1017)
at org.testng.remote.AbstractRemoteTestNG.run(AbstractRemoteTestNG.java:114)
at org.testng.remote.RemoteTestNG.initAndRun(RemoteTestNG.java:251)
at org.testng.remote.RemoteTestNG.main(RemoteTestNG.java:77)
Caused by: org.openqa.selenium.NoSuchElementException: no such element: Unable to locate element: {"method":"xpath","selector":"//li[@class='select2-search-field']//input[@type='text']"}
  (Session info: chrome=73.0.3683.86)
  (Driver info: chromedriver=73.0.3683.68 (47787ec04b6e38e22703e856e101e840b65afe72),platform=Windows NT 10.0.17763 x86_64) (WARNING: The server did not provide any stacktrace information)
Command duration or timeout: 0 milliseconds
For documentation on this error, please visit: http://seleniumhq.org/exceptions/no_such_element.html
Build info: version: '3.14.0', revision: 'aacccce0', time: '2018-08-02T20:19:58.91Z'
System info: host: 'DESKTOP-HBAN9NH', ip: '9.204.99.238', os.name: 'Windows 10', os.arch: 'amd64', os.version: '10.0', java.version: '1.8.0_191'
Driver info: org.openqa.selenium.chrome.ChromeDriver
Capabilities {acceptInsecureCerts: false, acceptSslCerts: false, applicationCacheEnabled: false, browserConnectionEnabled: false, browserName: chrome, chrome: {chromedriverVersion: 73.0.3683.68 (47787ec04b6e3..., userDataDir: C:\Users\AnithaB\AppData\Lo...}, cssSelectorsEnabled: true, databaseEnabled: false, goog:chromeOptions: {debuggerAddress: localhost:58620}, handlesAlerts: true, hasTouchScreen: false, javascriptEnabled: true, locationContextEnabled: true, mobileEmulationEnabled: false, nativeEvents: true, networkConnectionEnabled: false, pageLoadStrategy: normal, platform: XP, platformName: XP, proxy: Proxy(), rotatable: false, setWindowRect: true, strictFileInteractability: false, takesHeapSnapshot: true, takesScreenshot: true, timeouts: {implicit: 0, pageLoad: 300000, script: 30000}, unexpectedAlertBehaviour: ignore, unhandledPromptBehavior: ignore, version: 73.0.3683.86, webStorageEnabled: true}
Session ID: c9b979b78230ddeb627af76f66c26639
*** Element info: {Using=xpath, value=//li[@class='select2-search-field']//input[@type='text']}
at sun.reflect.GeneratedConstructorAccessor39.newInstance(Unknown Source)
at sun.reflect.DelegatingConstructorAccessorImpl.newInstance(DelegatingConstructorAccessorImpl.java:45)
at java.lang.reflect.Constructor.newInstance(Constructor.java:423)
at org.openqa.selenium.remote.ErrorHandler.createThrowable(ErrorHandler.java:214)
at org.openqa.selenium.remote.ErrorHandler.throwIfResponseFailed(ErrorHandler.java:166)
at org.openqa.selenium.remote.http.JsonHttpResponseCodec.reconstructValue(JsonHttpResponseCodec.java:40)
at org.openqa.selenium.remote.http.AbstractHttpResponseCodec.decode(AbstractHttpResponseCodec.java:80)
at org.openqa.selenium.remote.http.AbstractHttpResponseCodec.decode(AbstractHttpResponseCodec.java:44)
at org.openqa.selenium.remote.HttpCommandExecutor.execute(HttpCommandExecutor.java:158)
at org.openqa.selenium.remote.service.DriverCommandExecutor.execute(DriverCommandExecutor.java:83)
at org.openqa.selenium.remote.RemoteWebDriver.execute(RemoteWebDriver.java:548)
at org.openqa.selenium.remote.RemoteWebDriver.findElement(RemoteWebDriver.java:322)
at org.openqa.selenium.remote.RemoteWebDriver.findElementByXPath(RemoteWebDriver.java:424)
at org.openqa.selenium.By$ByXPath.findElement(By.java:353)
at org.openqa.selenium.remote.RemoteWebDriver.findElement(RemoteWebDriver.java:314)
at org.openqa.selenium.support.pagefactory.DefaultElementLocator.findElement(DefaultElementLocator.java:69)
at org.openqa.selenium.support.pagefactory.internal.LocatingElementHandler.invoke(LocatingElementHandler.java:38)
at com.sun.proxy.$Proxy10.isDisplayed(Unknown Source)
at org.openqa.selenium.support.ui.ExpectedConditions.elementIfVisible(ExpectedConditions.java:315)
at org.openqa.selenium.support.ui.ExpectedConditions.access$100(ExpectedConditions.java:44)
at org.openqa.selenium.support.ui.ExpectedConditions$10.apply(ExpectedConditions.java:301)
at org.openqa.selenium.support.ui.ExpectedConditions$10.apply(ExpectedConditions.java:298)
at org.openqa.selenium.support.ui.FluentWait.until(FluentWait.java:260)
... 27 more
]]>
            </full-stacktrace>
          </exception> <!-- org.openqa.selenium.TimeoutException -->
          <reporter-output>
          </reporter-output>
        </test-method> <!-- scheduleJob -->
        <test-method status="PASS" signature="CloseApplication(org.testng.ITestResult)[pri:0, instance:com.bp.saviynt.Existing_User_Modify_Account@63070bab]" name="CloseApplication" is-config="true" duration-ms="2818" started-at="2019-04-02T10:04:37Z" finished-at="2019-04-02T10:04:40Z">
          <params>
            <param index="0">
              <value>
                <![CDATA[[TestResult name=scheduleJob status=FAILURE method=Existing_User_Modify_Account.scheduleJob()[pri:2, instance:com.bp.saviynt.Existing_User_Modify_Account@63070bab] output={null}]]]>
              </value>
            </param>
          </params>
          <reporter-output>
          </reporter-output>
        </test-method> <!-- CloseApplication -->
        <test-method status="PASS" signature="openApplication()[pri:0, instance:com.bp.saviynt.Existing_User_Modify_Account@63070bab]" name="openApplication" is-config="true" duration-ms="32915" started-at="2019-04-02T10:04:40Z" finished-at="2019-04-02T10:05:13Z">
          <reporter-output>
          </reporter-output>
        </test-method> <!-- openApplication -->
        <test-method status="PASS" signature="validateEntitlements()[pri:3, instance:com.bp.saviynt.Existing_User_Modify_Account@63070bab]" name="validateEntitlements" duration-ms="61360" started-at="2019-04-02T10:05:13Z" finished-at="2019-04-02T10:06:14Z">
          <reporter-output>
          </reporter-output>
        </test-method> <!-- validateEntitlements -->
        <test-method status="PASS" signature="CloseApplication(org.testng.ITestResult)[pri:0, instance:com.bp.saviynt.Existing_User_Modify_Account@63070bab]" name="CloseApplication" is-config="true" duration-ms="1363" started-at="2019-04-02T10:06:14Z" finished-at="2019-04-02T10:06:15Z">
          <params>
            <param index="0">
              <value>
                <![CDATA[[TestResult name=validateEntitlements status=SUCCESS method=Existing_User_Modify_Account.validateEntitlements()[pri:3, instance:com.bp.saviynt.Existing_User_Modify_Account@63070bab] output={null}]]]>
              </value>
            </param>
          </params>
          <reporter-output>
          </reporter-output>
        </test-method> <!-- CloseApplication -->
      </class> <!-- com.bp.saviynt.Existing_User_Modify_Account -->
    </test> <!-- Existing_User_Modify_Account -->
    <test name="Existing_User_Remove_Salesforce_Application_Access" duration-ms="262724" started-at="2019-04-02T10:06:16Z" finished-at="2019-04-02T10:10:39Z">
      <class name="com.bp.saviynt.Existing_User_Remove_Salesforce_Application_Access">
        <test-method status="PASS" signature="openApplication()[pri:0, instance:com.bp.saviynt.Existing_User_Remove_Salesforce_Application_Access@6a2b953e]" name="openApplication" is-config="true" duration-ms="11420" started-at="2019-04-02T10:06:16Z" finished-at="2019-04-02T10:06:28Z">
          <reporter-output>
          </reporter-output>
        </test-method> <!-- openApplication -->
        <test-method status="PASS" signature="createRequestAndEndpointApprove()[pri:1, instance:com.bp.saviynt.Existing_User_Remove_Salesforce_Application_Access@6a2b953e]" name="createRequestAndEndpointApprove" duration-ms="34356" started-at="2019-04-02T10:06:28Z" finished-at="2019-04-02T10:07:02Z">
          <reporter-output>
          </reporter-output>
        </test-method> <!-- createRequestAndEndpointApprove -->
        <test-method status="PASS" signature="CloseApplication(org.testng.ITestResult)[pri:0, instance:com.bp.saviynt.Existing_User_Remove_Salesforce_Application_Access@6a2b953e]" name="CloseApplication" is-config="true" duration-ms="1276" started-at="2019-04-02T10:07:02Z" finished-at="2019-04-02T10:07:03Z">
          <params>
            <param index="0">
              <value>
                <![CDATA[[TestResult name=createRequestAndEndpointApprove status=SUCCESS method=Existing_User_Remove_Salesforce_Application_Access.createRequestAndEndpointApprove()[pri:1, instance:com.bp.saviynt.Existing_User_Remove_Salesforce_Application_Access@6a2b953e] output={null}]]]>
              </value>
            </param>
          </params>
          <reporter-output>
          </reporter-output>
        </test-method> <!-- CloseApplication -->
        <test-method status="PASS" signature="openApplication()[pri:0, instance:com.bp.saviynt.Existing_User_Remove_Salesforce_Application_Access@6a2b953e]" name="openApplication" is-config="true" duration-ms="30674" started-at="2019-04-02T10:07:03Z" finished-at="2019-04-02T10:07:34Z">
          <reporter-output>
          </reporter-output>
        </test-method> <!-- openApplication -->
        <test-method status="PASS" signature="scheduleJob()[pri:2, instance:com.bp.saviynt.Existing_User_Remove_Salesforce_Application_Access@6a2b953e]" name="scheduleJob" duration-ms="70998" started-at="2019-04-02T10:07:34Z" finished-at="2019-04-02T10:08:45Z">
          <reporter-output>
          </reporter-output>
        </test-method> <!-- scheduleJob -->
        <test-method status="PASS" signature="CloseApplication(org.testng.ITestResult)[pri:0, instance:com.bp.saviynt.Existing_User_Remove_Salesforce_Application_Access@6a2b953e]" name="CloseApplication" is-config="true" duration-ms="1287" started-at="2019-04-02T10:08:45Z" finished-at="2019-04-02T10:08:46Z">
          <params>
            <param index="0">
              <value>
                <![CDATA[[TestResult name=scheduleJob status=SUCCESS method=Existing_User_Remove_Salesforce_Application_Access.scheduleJob()[pri:2, instance:com.bp.saviynt.Existing_User_Remove_Salesforce_Application_Access@6a2b953e] output={null}]]]>
              </value>
            </param>
          </params>
          <reporter-output>
          </reporter-output>
        </test-method> <!-- CloseApplication -->
        <test-method status="PASS" signature="openApplication()[pri:0, instance:com.bp.saviynt.Existing_User_Remove_Salesforce_Application_Access@6a2b953e]" name="openApplication" is-config="true" duration-ms="44688" started-at="2019-04-02T10:08:46Z" finished-at="2019-04-02T10:09:31Z">
          <reporter-output>
          </reporter-output>
        </test-method> <!-- openApplication -->
        <test-method status="PASS" signature="validateEntitlements()[pri:3, instance:com.bp.saviynt.Existing_User_Remove_Salesforce_Application_Access@6a2b953e]" name="validateEntitlements" duration-ms="66716" started-at="2019-04-02T10:09:31Z" finished-at="2019-04-02T10:10:38Z">
          <reporter-output>
          </reporter-output>
        </test-method> <!-- validateEntitlements -->
        <test-method status="PASS" signature="CloseApplication(org.testng.ITestResult)[pri:0, instance:com.bp.saviynt.Existing_User_Remove_Salesforce_Application_Access@6a2b953e]" name="CloseApplication" is-config="true" duration-ms="1294" started-at="2019-04-02T10:10:38Z" finished-at="2019-04-02T10:10:39Z">
          <params>
            <param index="0">
              <value>
                <![CDATA[[TestResult name=validateEntitlements status=SUCCESS method=Existing_User_Remove_Salesforce_Application_Access.validateEntitlements()[pri:3, instance:com.bp.saviynt.Existing_User_Remove_Salesforce_Application_Access@6a2b953e] output={null}]]]>
              </value>
            </param>
          </params>
          <reporter-output>
          </reporter-output>
        </test-method> <!-- CloseApplication -->
        <test-method status="PASS" signature="sendReport()[pri:0, instance:com.bp.saviynt.Existing_User_Remove_Salesforce_Application_Access@6a2b953e]" name="sendReport" is-config="true" duration-ms="23615" started-at="2019-04-02T10:10:40Z" finished-at="2019-04-02T10:11:04Z">
          <reporter-output>
          </reporter-output>
        </test-method> <!-- sendReport -->
      </class> <!-- com.bp.saviynt.Existing_User_Remove_Salesforce_Application_Access -->
    </test> <!-- Existing_User_Remove_Salesforce_Application_Access -->
  </suite> <!-- Saviynt -->
</testng-results>
