<?xml version="1.0" encoding="UTF-8"?>
<testng-results skipped="0" failed="0" ignored="0" total="2" passed="2">
  <reporter-output>
  </reporter-output>
  <suite name="Default suite" duration-ms="354275" started-at="2019-11-25T14:31:09 IST" finished-at="2019-11-25T14:37:03 IST">
    <groups>
    </groups>
    <test name="Default test" duration-ms="354275" started-at="2019-11-25T14:31:09 IST" finished-at="2019-11-25T14:37:03 IST">
      <class name="com.bp.saviynt.RulesTesting">
        <test-method status="PASS" signature="openApplication()[pri:0, instance:com.bp.saviynt.RulesTesting@3e57cd70]" name="openApplication" is-config="true" duration-ms="17296" started-at="2019-11-25T14:31:09 IST" finished-at="2019-11-25T14:31:26 IST">
          <reporter-output>
          </reporter-output>
        </test-method> <!-- openApplication -->
        <test-method status="PASS" signature="validateRoleAssignment()[pri:1, instance:com.bp.saviynt.RulesTesting@3e57cd70]" name="validateRoleAssignment" duration-ms="163793" started-at="2019-11-25T14:31:26 IST" finished-at="2019-11-25T14:34:10 IST">
          <reporter-output>
          </reporter-output>
        </test-method> <!-- validateRoleAssignment -->
        <test-method status="PASS" signature="CloseApplication(org.testng.ITestResult)[pri:0, instance:com.bp.saviynt.RulesTesting@3e57cd70]" name="CloseApplication" is-config="true" duration-ms="423" started-at="2019-11-25T14:34:10 IST" finished-at="2019-11-25T14:34:10 IST">
          <params>
            <param index="0">
              <value>
                <![CDATA[[TestResult name=validateRoleAssignment status=SUCCESS method=RulesTesting.validateRoleAssignment()[pri:1, instance:com.bp.saviynt.RulesTesting@3e57cd70] output={null}]]]>
              </value>
            </param>
          </params>
          <reporter-output>
          </reporter-output>
        </test-method> <!-- CloseApplication -->
        <test-method status="PASS" signature="openApplication()[pri:0, instance:com.bp.saviynt.RulesTesting@3e57cd70]" name="openApplication" is-config="true" duration-ms="10326" started-at="2019-11-25T14:34:10 IST" finished-at="2019-11-25T14:34:21 IST">
          <reporter-output>
          </reporter-output>
        </test-method> <!-- openApplication -->
        <test-method status="PASS" signature="validateRoleRemoval()[pri:2, instance:com.bp.saviynt.RulesTesting@3e57cd70]" name="validateRoleRemoval" duration-ms="162192" started-at="2019-11-25T14:34:21 IST" finished-at="2019-11-25T14:37:03 IST">
          <reporter-output>
          </reporter-output>
        </test-method> <!-- validateRoleRemoval -->
        <test-method status="PASS" signature="CloseApplication(org.testng.ITestResult)[pri:0, instance:com.bp.saviynt.RulesTesting@3e57cd70]" name="CloseApplication" is-config="true" duration-ms="160" started-at="2019-11-25T14:37:03 IST" finished-at="2019-11-25T14:37:03 IST">
          <params>
            <param index="0">
              <value>
                <![CDATA[[TestResult name=validateRoleRemoval status=SUCCESS method=RulesTesting.validateRoleRemoval()[pri:2, instance:com.bp.saviynt.RulesTesting@3e57cd70] output={null}]]]>
              </value>
            </param>
          </params>
          <reporter-output>
          </reporter-output>
        </test-method> <!-- CloseApplication -->
        <test-method status="PASS" signature="sendReport()[pri:0, instance:com.bp.saviynt.RulesTesting@3e57cd70]" name="sendReport" is-config="true" duration-ms="9106" started-at="2019-11-25T14:37:04 IST" finished-at="2019-11-25T14:37:13 IST">
          <reporter-output>
          </reporter-output>
        </test-method> <!-- sendReport -->
      </class> <!-- com.bp.saviynt.RulesTesting -->
    </test> <!-- Default test -->
  </suite> <!-- Default suite -->
</testng-results>
