<?xml version="1.0" encoding="UTF-8"?>
<testng-results skipped="0" failed="0" ignored="0" total="1" passed="1">
  <reporter-output>
  </reporter-output>
  <suite name="Default suite" duration-ms="56020" started-at="2019-03-13T07:58:45Z" finished-at="2019-03-13T07:59:41Z">
    <groups>
    </groups>
    <test name="Default test" duration-ms="56020" started-at="2019-03-13T07:58:45Z" finished-at="2019-03-13T07:59:41Z">
      <class name="com.bp.saviynt.Add_Enterprise_Role_R6">
        <test-method status="PASS" signature="openApplication()[pri:0, instance:com.bp.saviynt.Add_Enterprise_Role_R6@4d1c00d0]" name="openApplication" is-config="true" duration-ms="22967" started-at="2019-03-13T07:58:45Z" finished-at="2019-03-13T07:59:08Z">
          <reporter-output>
          </reporter-output>
        </test-method> <!-- openApplication -->
        <test-method status="PASS" signature="validateEntitlements()[pri:3, instance:com.bp.saviynt.Add_Enterprise_Role_R6@4d1c00d0]" name="validateEntitlements" duration-ms="31268" started-at="2019-03-13T07:59:08Z" finished-at="2019-03-13T07:59:39Z">
          <reporter-output>
          </reporter-output>
        </test-method> <!-- validateEntitlements -->
        <test-method status="PASS" signature="CloseApplication(org.testng.ITestResult)[pri:0, instance:com.bp.saviynt.Add_Enterprise_Role_R6@4d1c00d0]" name="CloseApplication" is-config="true" duration-ms="1733" started-at="2019-03-13T07:59:39Z" finished-at="2019-03-13T07:59:41Z">
          <params>
            <param index="0">
              <value>
                <![CDATA[[TestResult name=validateEntitlements status=SUCCESS method=Add_Enterprise_Role_R6.validateEntitlements()[pri:3, instance:com.bp.saviynt.Add_Enterprise_Role_R6@4d1c00d0] output={null}]]]>
              </value>
            </param>
          </params>
          <reporter-output>
          </reporter-output>
        </test-method> <!-- CloseApplication -->
        <test-method status="PASS" signature="sendReport()[pri:0, instance:com.bp.saviynt.Add_Enterprise_Role_R6@4d1c00d0]" name="sendReport" is-config="true" duration-ms="15994" started-at="2019-03-13T07:59:42Z" finished-at="2019-03-13T07:59:58Z">
          <reporter-output>
          </reporter-output>
        </test-method> <!-- sendReport -->
      </class> <!-- com.bp.saviynt.Add_Enterprise_Role_R6 -->
    </test> <!-- Default test -->
  </suite> <!-- Default suite -->
</testng-results>
