<?xml version="1.0" encoding="UTF-8"?>
<testng-results skipped="0" failed="0" ignored="0" total="3" passed="3">
  <reporter-output>
  </reporter-output>
  <suite name="Default suite" duration-ms="734971" started-at="2019-03-27T09:15:44Z" finished-at="2019-03-27T09:27:59Z">
    <groups>
    </groups>
    <test name="Default test" duration-ms="734971" started-at="2019-03-27T09:15:44Z" finished-at="2019-03-27T09:27:59Z">
      <class name="com.bp.saviynt.ADD_Enterprise_Role_Request_Basic_Test">
        <test-method status="PASS" signature="openApplication()[pri:0, instance:com.bp.saviynt.ADD_Enterprise_Role_Request_Basic_Test@4b2bac3f]" name="openApplication" is-config="true" duration-ms="25943" started-at="2019-03-27T09:15:44Z" finished-at="2019-03-27T09:16:10Z">
          <reporter-output>
          </reporter-output>
        </test-method> <!-- openApplication -->
        <test-method status="PASS" signature="TC1()[pri:1, instance:com.bp.saviynt.ADD_Enterprise_Role_Request_Basic_Test@4b2bac3f]" name="TC1" duration-ms="401042" started-at="2019-03-27T09:16:10Z" finished-at="2019-03-27T09:22:51Z">
          <reporter-output>
          </reporter-output>
        </test-method> <!-- TC1 -->
        <test-method status="PASS" signature="CloseApplication(org.testng.ITestResult)[pri:0, instance:com.bp.saviynt.ADD_Enterprise_Role_Request_Basic_Test@4b2bac3f]" name="CloseApplication" is-config="true" duration-ms="408" started-at="2019-03-27T09:22:51Z" finished-at="2019-03-27T09:22:51Z">
          <params>
            <param index="0">
              <value>
                <![CDATA[[TestResult name=TC1 status=SUCCESS method=ADD_Enterprise_Role_Request_Basic_Test.TC1()[pri:1, instance:com.bp.saviynt.ADD_Enterprise_Role_Request_Basic_Test@4b2bac3f] output={null}]]]>
              </value>
            </param>
          </params>
          <reporter-output>
          </reporter-output>
        </test-method> <!-- CloseApplication -->
        <test-method status="PASS" signature="openApplication()[pri:0, instance:com.bp.saviynt.ADD_Enterprise_Role_Request_Basic_Test@4b2bac3f]" name="openApplication" is-config="true" duration-ms="24870" started-at="2019-03-27T09:22:51Z" finished-at="2019-03-27T09:23:16Z">
          <reporter-output>
          </reporter-output>
        </test-method> <!-- openApplication -->
        <test-method status="PASS" signature="JobTrigger()[pri:2, instance:com.bp.saviynt.ADD_Enterprise_Role_Request_Basic_Test@4b2bac3f]" name="JobTrigger" duration-ms="75840" started-at="2019-03-27T09:23:16Z" finished-at="2019-03-27T09:24:32Z">
          <reporter-output>
          </reporter-output>
        </test-method> <!-- JobTrigger -->
        <test-method status="PASS" signature="CloseApplication(org.testng.ITestResult)[pri:0, instance:com.bp.saviynt.ADD_Enterprise_Role_Request_Basic_Test@4b2bac3f]" name="CloseApplication" is-config="true" duration-ms="248" started-at="2019-03-27T09:24:32Z" finished-at="2019-03-27T09:24:32Z">
          <params>
            <param index="0">
              <value>
                <![CDATA[[TestResult name=JobTrigger status=SUCCESS method=ADD_Enterprise_Role_Request_Basic_Test.JobTrigger()[pri:2, instance:com.bp.saviynt.ADD_Enterprise_Role_Request_Basic_Test@4b2bac3f] output={null}]]]>
              </value>
            </param>
          </params>
          <reporter-output>
          </reporter-output>
        </test-method> <!-- CloseApplication -->
        <test-method status="PASS" signature="openApplication()[pri:0, instance:com.bp.saviynt.ADD_Enterprise_Role_Request_Basic_Test@4b2bac3f]" name="openApplication" is-config="true" duration-ms="92535" started-at="2019-03-27T09:24:32Z" finished-at="2019-03-27T09:26:05Z">
          <reporter-output>
          </reporter-output>
        </test-method> <!-- openApplication -->
        <test-method status="PASS" signature="validateEndpoints()[pri:3, instance:com.bp.saviynt.ADD_Enterprise_Role_Request_Basic_Test@4b2bac3f]" name="validateEndpoints" duration-ms="113498" started-at="2019-03-27T09:26:05Z" finished-at="2019-03-27T09:27:58Z">
          <reporter-output>
          </reporter-output>
        </test-method> <!-- validateEndpoints -->
        <test-method status="PASS" signature="CloseApplication(org.testng.ITestResult)[pri:0, instance:com.bp.saviynt.ADD_Enterprise_Role_Request_Basic_Test@4b2bac3f]" name="CloseApplication" is-config="true" duration-ms="541" started-at="2019-03-27T09:27:58Z" finished-at="2019-03-27T09:27:59Z">
          <params>
            <param index="0">
              <value>
                <![CDATA[[TestResult name=validateEndpoints status=SUCCESS method=ADD_Enterprise_Role_Request_Basic_Test.validateEndpoints()[pri:3, instance:com.bp.saviynt.ADD_Enterprise_Role_Request_Basic_Test@4b2bac3f] output={null}]]]>
              </value>
            </param>
          </params>
          <reporter-output>
          </reporter-output>
        </test-method> <!-- CloseApplication -->
        <test-method status="FAIL" signature="sendReport()[pri:0, instance:com.bp.saviynt.ADD_Enterprise_Role_Request_Basic_Test@4b2bac3f]" name="sendReport" is-config="true" duration-ms="9777" started-at="2019-03-27T09:28:10Z" finished-at="2019-03-27T09:28:20Z">
          <exception class="org.apache.commons.mail.EmailException">
            <message>
              <![CDATA[Sending the email to the following server failed : smtp.gmail.com:465]]>
            </message>
            <full-stacktrace>
              <![CDATA[org.apache.commons.mail.EmailException: Sending the email to the following server failed : smtp.gmail.com:465
at org.apache.commons.mail.Email.sendMimeMessage(Email.java:1469)
at org.apache.commons.mail.Email.send(Email.java:1496)
at com.bp.lib.SendReport.sendReportToMail(SendReport.java:37)
at com.bp.testbase.TestBase.sendReport(TestBase.java:113)
at sun.reflect.NativeMethodAccessorImpl.invoke0(Native Method)
at sun.reflect.NativeMethodAccessorImpl.invoke(NativeMethodAccessorImpl.java:62)
at sun.reflect.DelegatingMethodAccessorImpl.invoke(DelegatingMethodAccessorImpl.java:43)
at java.lang.reflect.Method.invoke(Method.java:498)
at org.testng.internal.MethodInvocationHelper.invokeMethod(MethodInvocationHelper.java:124)
at org.testng.internal.MethodInvocationHelper.invokeMethodConsideringTimeout(MethodInvocationHelper.java:59)
at org.testng.internal.Invoker.invokeConfigurationMethod(Invoker.java:455)
at org.testng.internal.Invoker.invokeConfigurations(Invoker.java:222)
at org.testng.internal.Invoker.invokeConfigurations(Invoker.java:142)
at org.testng.SuiteRunner.privateRun(SuiteRunner.java:425)
at org.testng.SuiteRunner.run(SuiteRunner.java:364)
at org.testng.SuiteRunnerWorker.runSuite(SuiteRunnerWorker.java:52)
at org.testng.SuiteRunnerWorker.run(SuiteRunnerWorker.java:84)
at org.testng.TestNG.runSuitesSequentially(TestNG.java:1208)
at org.testng.TestNG.runSuitesLocally(TestNG.java:1137)
at org.testng.TestNG.runSuites(TestNG.java:1049)
at org.testng.TestNG.run(TestNG.java:1017)
at org.testng.remote.AbstractRemoteTestNG.run(AbstractRemoteTestNG.java:114)
at org.testng.remote.RemoteTestNG.initAndRun(RemoteTestNG.java:251)
at org.testng.remote.RemoteTestNG.main(RemoteTestNG.java:77)
Caused by: javax.mail.AuthenticationFailedException: 534-5.7.14 <https://accounts.google.com/signin/continue?sarp=1&scc=1&plt=AKgnsbv5
534-5.7.14 SVLJNWZVMaEPiY57rhkCWqUqfslBTusxQSxseCxb5FBZ762B-7r7wrZWylauzMzmLndoBf
534-5.7.14 v3T00zTcTCdy2e328TpW-db2Z2tkaGuZP0pAApKTifoMBRWr7ajOIpksxhGvKWiUkZt-Sk
534-5.7.14 blHPDD1MhnY78b3tL7wfJ84VclCiEMcwlUAltgGstUtqfV6FWCcfDZS_> Please log
534-5.7.14 in via your web browser and then try again.
534-5.7.14  Learn more at
534 5.7.14  https://support.google.com/mail/answer/78754 k51sm1404384edd.32 - gsmtp

at com.sun.mail.smtp.SMTPTransport$Authenticator.authenticate(SMTPTransport.java:932)
at com.sun.mail.smtp.SMTPTransport.authenticate(SMTPTransport.java:843)
at com.sun.mail.smtp.SMTPTransport.protocolConnect(SMTPTransport.java:748)
at javax.mail.Service.connect(Service.java:388)
at javax.mail.Service.connect(Service.java:246)
at javax.mail.Service.connect(Service.java:195)
at javax.mail.Transport.send0(Transport.java:254)
at javax.mail.Transport.send(Transport.java:124)
at org.apache.commons.mail.Email.sendMimeMessage(Email.java:1459)
... 23 more
]]>
            </full-stacktrace>
          </exception> <!-- org.apache.commons.mail.EmailException -->
          <reporter-output>
          </reporter-output>
        </test-method> <!-- sendReport -->
      </class> <!-- com.bp.saviynt.ADD_Enterprise_Role_Request_Basic_Test -->
    </test> <!-- Default test -->
  </suite> <!-- Default suite -->
</testng-results>
