<?xml version="1.0" encoding="UTF-8"?>
<testng-results skipped="0" failed="0" ignored="0" total="3" passed="3">
  <reporter-output>
  </reporter-output>
  <suite name="Default suite" duration-ms="191077" started-at="2019-04-01T06:27:34Z" finished-at="2019-04-01T06:30:45Z">
    <groups>
    </groups>
    <test name="Default test" duration-ms="191077" started-at="2019-04-01T06:27:34Z" finished-at="2019-04-01T06:30:45Z">
      <class name="com.bp.saviynt.Existing_User_Remove_Salesforce_Application_Access">
        <test-method status="PASS" signature="openApplication()[pri:0, instance:com.bp.saviynt.Existing_User_Remove_Salesforce_Application_Access@10683d9d]" name="openApplication" is-config="true" duration-ms="15780" started-at="2019-04-01T06:27:34Z" finished-at="2019-04-01T06:27:50Z">
          <reporter-output>
          </reporter-output>
        </test-method> <!-- openApplication -->
        <test-method status="PASS" signature="createRequestAndEndpointApprove()[pri:1, instance:com.bp.saviynt.Existing_User_Remove_Salesforce_Application_Access@10683d9d]" name="createRequestAndEndpointApprove" duration-ms="66394" started-at="2019-04-01T06:27:50Z" finished-at="2019-04-01T06:28:57Z">
          <reporter-output>
          </reporter-output>
        </test-method> <!-- createRequestAndEndpointApprove -->
        <test-method status="PASS" signature="CloseApplication(org.testng.ITestResult)[pri:0, instance:com.bp.saviynt.Existing_User_Remove_Salesforce_Application_Access@10683d9d]" name="CloseApplication" is-config="true" duration-ms="446" started-at="2019-04-01T06:28:57Z" finished-at="2019-04-01T06:28:57Z">
          <params>
            <param index="0">
              <value>
                <![CDATA[[TestResult name=createRequestAndEndpointApprove status=SUCCESS method=Existing_User_Remove_Salesforce_Application_Access.createRequestAndEndpointApprove()[pri:1, instance:com.bp.saviynt.Existing_User_Remove_Salesforce_Application_Access@10683d9d] output={null}]]]>
              </value>
            </param>
          </params>
          <reporter-output>
          </reporter-output>
        </test-method> <!-- CloseApplication -->
        <test-method status="PASS" signature="openApplication()[pri:0, instance:com.bp.saviynt.Existing_User_Remove_Salesforce_Application_Access@10683d9d]" name="openApplication" is-config="true" duration-ms="11582" started-at="2019-04-01T06:28:57Z" finished-at="2019-04-01T06:29:09Z">
          <reporter-output>
          </reporter-output>
        </test-method> <!-- openApplication -->
        <test-method status="PASS" signature="scheduleJob()[pri:2, instance:com.bp.saviynt.Existing_User_Remove_Salesforce_Application_Access@10683d9d]" name="scheduleJob" duration-ms="54869" started-at="2019-04-01T06:29:09Z" finished-at="2019-04-01T06:30:04Z">
          <reporter-output>
          </reporter-output>
        </test-method> <!-- scheduleJob -->
        <test-method status="PASS" signature="CloseApplication(org.testng.ITestResult)[pri:0, instance:com.bp.saviynt.Existing_User_Remove_Salesforce_Application_Access@10683d9d]" name="CloseApplication" is-config="true" duration-ms="183" started-at="2019-04-01T06:30:04Z" finished-at="2019-04-01T06:30:04Z">
          <params>
            <param index="0">
              <value>
                <![CDATA[[TestResult name=scheduleJob status=SUCCESS method=Existing_User_Remove_Salesforce_Application_Access.scheduleJob()[pri:2, instance:com.bp.saviynt.Existing_User_Remove_Salesforce_Application_Access@10683d9d] output={null}]]]>
              </value>
            </param>
          </params>
          <reporter-output>
          </reporter-output>
        </test-method> <!-- CloseApplication -->
        <test-method status="PASS" signature="openApplication()[pri:0, instance:com.bp.saviynt.Existing_User_Remove_Salesforce_Application_Access@10683d9d]" name="openApplication" is-config="true" duration-ms="12955" started-at="2019-04-01T06:30:04Z" finished-at="2019-04-01T06:30:17Z">
          <reporter-output>
          </reporter-output>
        </test-method> <!-- openApplication -->
        <test-method status="PASS" signature="validateEntitlements()[pri:3, instance:com.bp.saviynt.Existing_User_Remove_Salesforce_Application_Access@10683d9d]" name="validateEntitlements" duration-ms="28608" started-at="2019-04-01T06:30:17Z" finished-at="2019-04-01T06:30:45Z">
          <reporter-output>
          </reporter-output>
        </test-method> <!-- validateEntitlements -->
        <test-method status="PASS" signature="CloseApplication(org.testng.ITestResult)[pri:0, instance:com.bp.saviynt.Existing_User_Remove_Salesforce_Application_Access@10683d9d]" name="CloseApplication" is-config="true" duration-ms="215" started-at="2019-04-01T06:30:45Z" finished-at="2019-04-01T06:30:45Z">
          <params>
            <param index="0">
              <value>
                <![CDATA[[TestResult name=validateEntitlements status=SUCCESS method=Existing_User_Remove_Salesforce_Application_Access.validateEntitlements()[pri:3, instance:com.bp.saviynt.Existing_User_Remove_Salesforce_Application_Access@10683d9d] output={null}]]]>
              </value>
            </param>
          </params>
          <reporter-output>
          </reporter-output>
        </test-method> <!-- CloseApplication -->
        <test-method status="PASS" signature="sendReport()[pri:0, instance:com.bp.saviynt.Existing_User_Remove_Salesforce_Application_Access@10683d9d]" name="sendReport" is-config="true" duration-ms="19951" started-at="2019-04-01T06:30:46Z" finished-at="2019-04-01T06:31:06Z">
          <reporter-output>
          </reporter-output>
        </test-method> <!-- sendReport -->
      </class> <!-- com.bp.saviynt.Existing_User_Remove_Salesforce_Application_Access -->
    </test> <!-- Default test -->
  </suite> <!-- Default suite -->
</testng-results>
