<?xml version="1.0" encoding="UTF-8"?>
<testng-results skipped="0" failed="0" ignored="0" total="1" passed="1">
  <reporter-output>
  </reporter-output>
  <suite name="Default suite" duration-ms="158214" started-at="2018-10-24T09:33:23Z" finished-at="2018-10-24T09:36:02Z">
    <groups>
    </groups>
    <test name="Default test" duration-ms="158214" started-at="2018-10-24T09:33:23Z" finished-at="2018-10-24T09:36:02Z">
      <class name="com.bp.saviynt.ADD_Enterprise_Role_Request_Basic_Test">
        <test-method status="PASS" signature="openApplication()[pri:0, instance:com.bp.saviynt.ADD_Enterprise_Role_Request_Basic_Test@74e52ef6]" name="openApplication" is-config="true" duration-ms="19269" started-at="2018-10-24T09:33:23Z" finished-at="2018-10-24T09:33:43Z">
          <reporter-output>
          </reporter-output>
        </test-method> <!-- openApplication -->
        <test-method status="PASS" signature="TC1()[pri:0, instance:com.bp.saviynt.ADD_Enterprise_Role_Request_Basic_Test@74e52ef6]" name="TC1" duration-ms="137330" started-at="2018-10-24T09:33:43Z" finished-at="2018-10-24T09:36:00Z">
          <reporter-output>
          </reporter-output>
        </test-method> <!-- TC1 -->
        <test-method status="PASS" signature="CloseApplication(org.testng.ITestResult)[pri:0, instance:com.bp.saviynt.ADD_Enterprise_Role_Request_Basic_Test@74e52ef6]" name="CloseApplication" is-config="true" duration-ms="1569" started-at="2018-10-24T09:36:00Z" finished-at="2018-10-24T09:36:02Z">
          <params>
            <param index="0">
              <value>
                <![CDATA[[TestResult name=TC1 status=SUCCESS method=ADD_Enterprise_Role_Request_Basic_Test.TC1()[pri:0, instance:com.bp.saviynt.ADD_Enterprise_Role_Request_Basic_Test@74e52ef6] output={null}]]]>
              </value>
            </param>
          </params>
          <reporter-output>
          </reporter-output>
        </test-method> <!-- CloseApplication -->
        <test-method status="FAIL" signature="sendReport()[pri:0, instance:com.bp.saviynt.ADD_Enterprise_Role_Request_Basic_Test@74e52ef6]" name="sendReport" is-config="true" duration-ms="627" started-at="2018-10-24T09:36:03Z" finished-at="2018-10-24T09:36:03Z">
          <exception class="java.lang.NoClassDefFoundError">
            <message>
              <![CDATA[javax/mail/Authenticator]]>
            </message>
            <full-stacktrace>
              <![CDATA[java.lang.NoClassDefFoundError: javax/mail/Authenticator
at com.bp.testbase.TestBase.sendReport(TestBase.java:109)
at sun.reflect.NativeMethodAccessorImpl.invoke0(Native Method)
at sun.reflect.NativeMethodAccessorImpl.invoke(NativeMethodAccessorImpl.java:62)
at sun.reflect.DelegatingMethodAccessorImpl.invoke(DelegatingMethodAccessorImpl.java:43)
at java.lang.reflect.Method.invoke(Method.java:498)
at org.testng.internal.MethodInvocationHelper.invokeMethod(MethodInvocationHelper.java:124)
at org.testng.internal.MethodInvocationHelper.invokeMethodConsideringTimeout(MethodInvocationHelper.java:59)
at org.testng.internal.Invoker.invokeConfigurationMethod(Invoker.java:458)
at org.testng.internal.Invoker.invokeConfigurations(Invoker.java:222)
at org.testng.internal.Invoker.invokeConfigurations(Invoker.java:142)
at org.testng.SuiteRunner.privateRun(SuiteRunner.java:425)
at org.testng.SuiteRunner.run(SuiteRunner.java:364)
at org.testng.SuiteRunnerWorker.runSuite(SuiteRunnerWorker.java:52)
at org.testng.SuiteRunnerWorker.run(SuiteRunnerWorker.java:84)
at org.testng.TestNG.runSuitesSequentially(TestNG.java:1208)
at org.testng.TestNG.runSuitesLocally(TestNG.java:1137)
at org.testng.TestNG.runSuites(TestNG.java:1049)
at org.testng.TestNG.run(TestNG.java:1017)
at org.testng.remote.AbstractRemoteTestNG.run(AbstractRemoteTestNG.java:114)
at org.testng.remote.RemoteTestNG.initAndRun(RemoteTestNG.java:251)
at org.testng.remote.RemoteTestNG.main(RemoteTestNG.java:77)
Caused by: java.lang.ClassNotFoundException: javax.mail.Authenticator
at java.net.URLClassLoader.findClass(URLClassLoader.java:381)
at java.lang.ClassLoader.loadClass(ClassLoader.java:424)
at sun.misc.Launcher$AppClassLoader.loadClass(Launcher.java:349)
at java.lang.ClassLoader.loadClass(ClassLoader.java:357)
... 21 more
]]>
            </full-stacktrace>
          </exception> <!-- java.lang.NoClassDefFoundError -->
          <reporter-output>
          </reporter-output>
        </test-method> <!-- sendReport -->
      </class> <!-- com.bp.saviynt.ADD_Enterprise_Role_Request_Basic_Test -->
    </test> <!-- Default test -->
  </suite> <!-- Default suite -->
</testng-results>
