<?xml version="1.0" encoding="UTF-8"?>
<testng-results skipped="0" failed="0" ignored="0" total="1" passed="1">
  <reporter-output>
  </reporter-output>
  <suite name="Default suite" duration-ms="41979" started-at="2019-11-19T10:06:32 IST" finished-at="2019-11-19T10:07:14 IST">
    <groups>
    </groups>
    <test name="Default test" duration-ms="41979" started-at="2019-11-19T10:06:32 IST" finished-at="2019-11-19T10:07:14 IST">
      <class name="com.bp.saviynt.UMT_RequestEnterpriseRoleTest">
        <test-method status="PASS" signature="openApplication()[pri:0, instance:com.bp.saviynt.UMT_RequestEnterpriseRoleTest@55fe41ea]" name="openApplication" is-config="true" duration-ms="12798" started-at="2019-11-19T10:06:32 IST" finished-at="2019-11-19T10:06:45 IST">
          <reporter-output>
          </reporter-output>
        </test-method> <!-- openApplication -->
        <test-method status="PASS" signature="requestEnterpriseRoleForExternalPerson()[pri:0, instance:com.bp.saviynt.UMT_RequestEnterpriseRoleTest@55fe41ea]" name="requestEnterpriseRoleForExternalPerson" duration-ms="28667" started-at="2019-11-19T10:06:45 IST" finished-at="2019-11-19T10:07:14 IST">
          <reporter-output>
          </reporter-output>
        </test-method> <!-- requestEnterpriseRoleForExternalPerson -->
        <test-method status="PASS" signature="CloseApplication(org.testng.ITestResult)[pri:0, instance:com.bp.saviynt.UMT_RequestEnterpriseRoleTest@55fe41ea]" name="CloseApplication" is-config="true" duration-ms="451" started-at="2019-11-19T10:07:14 IST" finished-at="2019-11-19T10:07:14 IST">
          <params>
            <param index="0">
              <value>
                <![CDATA[[TestResult name=requestEnterpriseRoleForExternalPerson status=SUCCESS method=UMT_RequestEnterpriseRoleTest.requestEnterpriseRoleForExternalPerson()[pri:0, instance:com.bp.saviynt.UMT_RequestEnterpriseRoleTest@55fe41ea] output={null}]]]>
              </value>
            </param>
          </params>
          <reporter-output>
          </reporter-output>
        </test-method> <!-- CloseApplication -->
        <test-method status="PASS" signature="sendReport()[pri:0, instance:com.bp.saviynt.UMT_RequestEnterpriseRoleTest@55fe41ea]" name="sendReport" is-config="true" duration-ms="8589" started-at="2019-11-19T10:07:14 IST" finished-at="2019-11-19T10:07:23 IST">
          <reporter-output>
          </reporter-output>
        </test-method> <!-- sendReport -->
      </class> <!-- com.bp.saviynt.UMT_RequestEnterpriseRoleTest -->
    </test> <!-- Default test -->
  </suite> <!-- Default suite -->
</testng-results>
