<?xml version="1.0" encoding="UTF-8"?>
<testng-results skipped="0" failed="1" ignored="0" total="1" passed="0">
  <reporter-output>
  </reporter-output>
  <suite name="Default suite" duration-ms="1616921" started-at="2019-10-17T16:29:53 IST" finished-at="2019-10-17T16:56:50 IST">
    <groups>
    </groups>
    <test name="Default test" duration-ms="1616921" started-at="2019-10-17T16:29:53 IST" finished-at="2019-10-17T16:56:50 IST">
      <class name="com.bp.saviynt.RuleSetTesting">
        <test-method status="PASS" signature="openApplication()[pri:0, instance:com.bp.saviynt.RuleSetTesting@394df057]" name="openApplication" is-config="true" duration-ms="14772" started-at="2019-10-17T16:29:53 IST" finished-at="2019-10-17T16:30:08 IST">
          <reporter-output>
          </reporter-output>
        </test-method> <!-- openApplication -->
        <test-method status="FAIL" signature="SODLoginAndRulesetComparisonUsingSimulation()[pri:0, instance:com.bp.saviynt.RuleSetTesting@394df057]" name="SODLoginAndRulesetComparisonUsingSimulation" duration-ms="1600772" started-at="2019-10-17T16:30:08 IST" finished-at="2019-10-17T16:56:49 IST">
          <exception class="java.lang.AssertionError">
            <message>
              <![CDATA[The following asserts failed:
All data validated did not expect to find [true] but found [false]]]>
            </message>
            <full-stacktrace>
              <![CDATA[java.lang.AssertionError: The following asserts failed:
All data validated did not expect to find [true] but found [false]
at org.testng.asserts.SoftAssert.assertAll(SoftAssert.java:47)
at org.testng.asserts.SoftAssert.assertAll(SoftAssert.java:31)
at com.bp.saviynt.RuleSetTesting.SODLoginAndRulesetComparisonUsingSimulation(RuleSetTesting.java:88)
at sun.reflect.NativeMethodAccessorImpl.invoke0(Native Method)
at sun.reflect.NativeMethodAccessorImpl.invoke(NativeMethodAccessorImpl.java:62)
at sun.reflect.DelegatingMethodAccessorImpl.invoke(DelegatingMethodAccessorImpl.java:43)
at java.lang.reflect.Method.invoke(Method.java:498)
at org.testng.internal.MethodInvocationHelper.invokeMethod(MethodInvocationHelper.java:133)
at org.testng.internal.TestInvoker.invokeMethod(TestInvoker.java:584)
at org.testng.internal.TestInvoker.invokeTestMethod(TestInvoker.java:172)
at org.testng.internal.MethodRunner.runInSequence(MethodRunner.java:46)
at org.testng.internal.TestInvoker$MethodInvocationAgent.invoke(TestInvoker.java:804)
at org.testng.internal.TestInvoker.invokeTestMethods(TestInvoker.java:145)
at org.testng.internal.TestMethodWorker.invokeTestMethods(TestMethodWorker.java:146)
at org.testng.internal.TestMethodWorker.run(TestMethodWorker.java:128)
at java.util.ArrayList.forEach(ArrayList.java:1257)
at org.testng.TestRunner.privateRun(TestRunner.java:770)
at org.testng.TestRunner.run(TestRunner.java:591)
at org.testng.SuiteRunner.runTest(SuiteRunner.java:402)
at org.testng.SuiteRunner.runSequentially(SuiteRunner.java:396)
at org.testng.SuiteRunner.privateRun(SuiteRunner.java:355)
at org.testng.SuiteRunner.run(SuiteRunner.java:304)
at org.testng.SuiteRunnerWorker.runSuite(SuiteRunnerWorker.java:53)
at org.testng.SuiteRunnerWorker.run(SuiteRunnerWorker.java:96)
at org.testng.TestNG.runSuitesSequentially(TestNG.java:1180)
at org.testng.TestNG.runSuitesLocally(TestNG.java:1102)
at org.testng.TestNG.runSuites(TestNG.java:1032)
at org.testng.TestNG.run(TestNG.java:1000)
at org.testng.remote.AbstractRemoteTestNG.run(AbstractRemoteTestNG.java:115)
at org.testng.remote.RemoteTestNG.initAndRun(RemoteTestNG.java:251)
at org.testng.remote.RemoteTestNG.main(RemoteTestNG.java:77)
]]>
            </full-stacktrace>
          </exception> <!-- java.lang.AssertionError -->
          <reporter-output>
          </reporter-output>
        </test-method> <!-- SODLoginAndRulesetComparisonUsingSimulation -->
        <test-method status="PASS" signature="CloseApplication(org.testng.ITestResult)[pri:0, instance:com.bp.saviynt.RuleSetTesting@394df057]" name="CloseApplication" is-config="true" duration-ms="1312" started-at="2019-10-17T16:56:49 IST" finished-at="2019-10-17T16:56:50 IST">
          <params>
            <param index="0">
              <value>
                <![CDATA[[TestResult name=SODLoginAndRulesetComparisonUsingSimulation status=FAILURE method=RuleSetTesting.SODLoginAndRulesetComparisonUsingSimulation()[pri:0, instance:com.bp.saviynt.RuleSetTesting@394df057] output={null}]]]>
              </value>
            </param>
          </params>
          <reporter-output>
          </reporter-output>
        </test-method> <!-- CloseApplication -->
        <test-method status="PASS" signature="sendReport()[pri:0, instance:com.bp.saviynt.RuleSetTesting@394df057]" name="sendReport" is-config="true" duration-ms="11450" started-at="2019-10-17T16:56:53 IST" finished-at="2019-10-17T16:57:05 IST">
          <reporter-output>
          </reporter-output>
        </test-method> <!-- sendReport -->
      </class> <!-- com.bp.saviynt.RuleSetTesting -->
    </test> <!-- Default test -->
  </suite> <!-- Default suite -->
</testng-results>
