<?xml version="1.0" encoding="UTF-8"?>
<!-- Generated by org.testng.reporters.JUnitReportReporter -->
<testsuite skipped="0" hostname="DESKTOP-HBAN9NH" name="com.bp.saviynt.Assign_Mitigating_Control_Test_ASP" tests="4" failures="0" timestamp="21 Aug 2019 06:29:04 GMT" time="239.795" errors="0">
  <testcase name="addMitigatingControlC101" time="60.013" classname="com.bp.saviynt.Assign_Mitigating_Control_Test_ASP"/>
  <testcase name="checkRequestStatus" time="49.158" classname="com.bp.saviynt.Assign_Mitigating_Control_Test_ASP"/>
  <testcase name="addMitigatingControlF103" time="74.860" classname="com.bp.saviynt.Assign_Mitigating_Control_Test_ASP"/>
  <testcase name="checkMitigatingControl" time="55.764" classname="com.bp.saviynt.Assign_Mitigating_Control_Test_ASP"/>
</testsuite> <!-- com.bp.saviynt.Assign_Mitigating_Control_Test_ASP -->
