<?xml version="1.0" encoding="UTF-8"?>
<!-- Generated by org.testng.reporters.JUnitReportReporter -->
<testsuite skipped="0" hostname="DESKTOP-HBAN9NH" name="com.bp.saviynt.BP1LicenseMgmtTest_TechRule4" tests="2" failures="0" timestamp="2019-11-23T10:46:26 IST" time="774.558" errors="0">
  <testcase name="checkCreationOfAddAccessTasks" time="393.073" classname="com.bp.saviynt.BP1LicenseMgmtTest_TechRule4"/>
  <testcase name="checkCreationOfRemoveAccessTasks" time="381.485" classname="com.bp.saviynt.BP1LicenseMgmtTest_TechRule4"/>
</testsuite> <!-- com.bp.saviynt.BP1LicenseMgmtTest_TechRule4 -->
