<?xml version="1.0" encoding="UTF-8"?>
<!-- Generated by org.testng.reporters.JUnitReportReporter -->
<testsuite skipped="0" hostname="DESKTOP-HBAN9NH" name="com.bp.saviynt.Forward_SOD_Request_ASP" tests="2" failures="0" timestamp="21 Aug 2019 05:45:27 GMT" time="201.629" errors="0">
  <testcase name="forwardSODRequestTest" time="86.596" classname="com.bp.saviynt.Forward_SOD_Request_ASP"/>
  <testcase name="verifyForwardedSODRequest" time="115.033" classname="com.bp.saviynt.Forward_SOD_Request_ASP"/>
</testsuite> <!-- com.bp.saviynt.Forward_SOD_Request_ASP -->
