<?xml version="1.0" encoding="UTF-8"?>
<!-- Generated by org.testng.reporters.JUnitReportReporter -->
<testsuite skipped="0" hostname="DESKTOP-HBAN9NH" name="com.bp.saviynt.Validate_AddMitigatingControlButton_TaskHistory_ForERoles" tests="3" failures="0" timestamp="20 Aug 2019 06:55:11 GMT" time="737.745" errors="0">
  <testcase name="createRequestForSODApprovalTest" time="160.638" classname="com.bp.saviynt.Validate_AddMitigatingControlButton_TaskHistory_ForERoles"/>
  <testcase name="requestApprovalByRoleApproverAndTrainingApprover" time="355.560" classname="com.bp.saviynt.Validate_AddMitigatingControlButton_TaskHistory_ForERoles"/>
  <testcase name="requestApprovalBySODApprover" time="221.547" classname="com.bp.saviynt.Validate_AddMitigatingControlButton_TaskHistory_ForERoles"/>
</testsuite> <!-- com.bp.saviynt.Validate_AddMitigatingControlButton_TaskHistory_ForERoles -->
