<?xml version="1.0" encoding="UTF-8"?>
<!-- Generated by org.testng.reporters.JUnitReportReporter -->
<testsuite skipped="0" hostname="DESKTOP-HBAN9NH" name="com.bp.saviynt.RulesTesting" tests="2" failures="0" timestamp="2019-11-25T14:37:13 IST" time="354.190" errors="0">
  <testcase name="validateRoleAssignment" time="181.249" classname="com.bp.saviynt.RulesTesting"/>
  <testcase name="validateRoleRemoval" time="172.941" classname="com.bp.saviynt.RulesTesting"/>
</testsuite> <!-- com.bp.saviynt.RulesTesting -->
