<?xml version="1.0" encoding="UTF-8"?>
<!-- Generated by org.testng.reporters.JUnitReportReporter -->
<testsuite skipped="0" hostname="DESKTOP-HBAN9NH" name="com.bp.saviynt.Extend_Mitigating_Control_Assignments" tests="1" failures="0" timestamp="23 Aug 2019 07:44:28 GMT" time="113.687" errors="0">
  <testcase name="extendDateAndChangeMitigatingControl" time="113.687" classname="com.bp.saviynt.Extend_Mitigating_Control_Assignments"/>
</testsuite> <!-- com.bp.saviynt.Extend_Mitigating_Control_Assignments -->
