<?xml version="1.0" encoding="UTF-8"?>
<!-- Generated by org.testng.reporters.JUnitReportReporter -->
<testsuite skipped="0" hostname="DESKTOP-HBAN9NH" name="com.bp.saviynt.UMT_WelcomeMessageAndHomePageValidation" tests="1" failures="0" timestamp="05 Aug 2019 09:42:31 GMT" time="45.207" errors="0">
  <testcase name="verifyWelcomeMessage" time="45.207" classname="com.bp.saviynt.UMT_WelcomeMessageAndHomePageValidation"/>
</testsuite> <!-- com.bp.saviynt.UMT_WelcomeMessageAndHomePageValidation -->
