<?xml version="1.0" encoding="UTF-8"?>
<!-- Generated by org.testng.reporters.JUnitReportReporter -->
<testsuite skipped="0" hostname="DESKTOP-HBAN9NH" name="com.bp.saviynt.BP1LicenseMgmtTest_TechRule3" tests="2" failures="0" timestamp="2019-11-22T15:24:26 IST" time="679.343" errors="0">
  <testcase name="checkCreationOfAddAccessTasks" time="298.792" classname="com.bp.saviynt.BP1LicenseMgmtTest_TechRule3"/>
  <testcase name="checkCreationOfRemoveAccessTasks" time="380.551" classname="com.bp.saviynt.BP1LicenseMgmtTest_TechRule3"/>
</testsuite> <!-- com.bp.saviynt.BP1LicenseMgmtTest_TechRule3 -->
