<?xml version="1.0" encoding="UTF-8"?>
<!-- Generated by org.testng.reporters.JUnitReportReporter -->
<testsuite skipped="0" hostname="DESKTOP-HBAN9NH" name="com.bp.saviynt.GEMS_NewAccount_NoUPN_NoMailBox_Test" tests="2" failures="0" timestamp="2019-12-26T17:38:23 IST" time="250.398" errors="0">
  <testcase name="createNewUserTest" time="84.708" classname="com.bp.saviynt.GEMS_NewAccount_NoUPN_NoMailBox_Test"/>
  <testcase name="newAccountCreationWithoutUPNandMailBox" time="165.690" classname="com.bp.saviynt.GEMS_NewAccount_NoUPN_NoMailBox_Test"/>
</testsuite> <!-- com.bp.saviynt.GEMS_NewAccount_NoUPN_NoMailBox_Test -->
